C:\Program Files (x86)\Microsoft Visual Studio\2019\Community\MSBuild\Microsoft\VC\v160\Microsoft.CppBuild.targets(491,5): warning MSB8028: The intermediate directory (Debug\) contains files shared from another project (Project5-Platformer.vcxproj, SDLProject.vcxproj).  This can lead to incorrect clean and rebuild behavior.
  Level.cpp
C:\Users\lisay\Documents\Fall2020Class\[CS3113]Intro-to-Game\Intro-to-Game-Programming\Project6-StudentChoice\Level.cpp(41,128): warning C4305: 'argument': truncation from 'double' to 'float'
C:\Users\lisay\Documents\Fall2020Class\[CS3113]Intro-to-Game\Intro-to-Game-Programming\Project6-StudentChoice\Level.cpp(42,128): warning C4305: 'argument': truncation from 'double' to 'float'
C:\Users\lisay\Documents\Fall2020Class\[CS3113]Intro-to-Game\Intro-to-Game-Programming\Project6-StudentChoice\Level.cpp(43,135): warning C4305: 'argument': truncation from 'double' to 'float'
C:\Users\lisay\Documents\Fall2020Class\[CS3113]Intro-to-Game\Intro-to-Game-Programming\Project6-StudentChoice\Level.cpp(47,135): warning C4305: 'argument': truncation from 'double' to 'float'
C:\Users\lisay\Documents\Fall2020Class\[CS3113]Intro-to-Game\Intro-to-Game-Programming\Project6-StudentChoice\Level.cpp(48,135): warning C4305: 'argument': truncation from 'double' to 'float'
C:\Users\lisay\Documents\Fall2020Class\[CS3113]Intro-to-Game\Intro-to-Game-Programming\Project6-StudentChoice\Level.cpp(51,137): warning C4305: 'argument': truncation from 'double' to 'float'
C:\Users\lisay\Documents\Fall2020Class\[CS3113]Intro-to-Game\Intro-to-Game-Programming\Project6-StudentChoice\Level.cpp(52,137): warning C4305: 'argument': truncation from 'double' to 'float'
C:\Users\lisay\Documents\Fall2020Class\[CS3113]Intro-to-Game\Intro-to-Game-Programming\Project6-StudentChoice\Level.cpp(55,132): warning C4305: 'argument': truncation from 'double' to 'float'
C:\Users\lisay\Documents\Fall2020Class\[CS3113]Intro-to-Game\Intro-to-Game-Programming\Project6-StudentChoice\Level.cpp(56,132): warning C4305: 'argument': truncation from 'double' to 'float'
  Level4.cpp
C:\Users\lisay\Documents\Fall2020Class\[CS3113]Intro-to-Game\Intro-to-Game-Programming\Project6-StudentChoice\Level4.cpp(14,29): warning C4838: conversion from 'int' to 'unsigned int' requires a narrowing conversion
C:\Users\lisay\Documents\Fall2020Class\[CS3113]Intro-to-Game\Intro-to-Game-Programming\Project6-StudentChoice\Level4.cpp(14,33): warning C4838: conversion from 'int' to 'unsigned int' requires a narrowing conversion
C:\Users\lisay\Documents\Fall2020Class\[CS3113]Intro-to-Game\Intro-to-Game-Programming\Project6-StudentChoice\Level4.cpp(14,37): warning C4838: conversion from 'int' to 'unsigned int' requires a narrowing conversion
C:\Users\lisay\Documents\Fall2020Class\[CS3113]Intro-to-Game\Intro-to-Game-Programming\Project6-StudentChoice\Level4.cpp(14,41): warning C4838: conversion from 'int' to 'unsigned int' requires a narrowing conversion
C:\Users\lisay\Documents\Fall2020Class\[CS3113]Intro-to-Game\Intro-to-Game-Programming\Project6-StudentChoice\Level4.cpp(14,45): warning C4838: conversion from 'int' to 'unsigned int' requires a narrowing conversion
C:\Users\lisay\Documents\Fall2020Class\[CS3113]Intro-to-Game\Intro-to-Game-Programming\Project6-StudentChoice\Level4.cpp(14,49): warning C4838: conversion from 'int' to 'unsigned int' requires a narrowing conversion
C:\Users\lisay\Documents\Fall2020Class\[CS3113]Intro-to-Game\Intro-to-Game-Programming\Project6-StudentChoice\Level4.cpp(14,53): warning C4838: conversion from 'int' to 'unsigned int' requires a narrowing conversion
C:\Users\lisay\Documents\Fall2020Class\[CS3113]Intro-to-Game\Intro-to-Game-Programming\Project6-StudentChoice\Level4.cpp(14,57): warning C4838: conversion from 'int' to 'unsigned int' requires a narrowing conversion
C:\Users\lisay\Documents\Fall2020Class\[CS3113]Intro-to-Game\Intro-to-Game-Programming\Project6-StudentChoice\Level4.cpp(14,61): warning C4838: conversion from 'int' to 'unsigned int' requires a narrowing conversion
C:\Users\lisay\Documents\Fall2020Class\[CS3113]Intro-to-Game\Intro-to-Game-Programming\Project6-StudentChoice\Level4.cpp(14,65): warning C4838: conversion from 'int' to 'unsigned int' requires a narrowing conversion
C:\Users\lisay\Documents\Fall2020Class\[CS3113]Intro-to-Game\Intro-to-Game-Programming\Project6-StudentChoice\Level4.cpp(14,69): warning C4838: conversion from 'int' to 'unsigned int' requires a narrowing conversion
C:\Users\lisay\Documents\Fall2020Class\[CS3113]Intro-to-Game\Intro-to-Game-Programming\Project6-StudentChoice\Level4.cpp(14,73): warning C4838: conversion from 'int' to 'unsigned int' requires a narrowing conversion
C:\Users\lisay\Documents\Fall2020Class\[CS3113]Intro-to-Game\Intro-to-Game-Programming\Project6-StudentChoice\Level4.cpp(14,77): warning C4838: conversion from 'int' to 'unsigned int' requires a narrowing conversion
C:\Users\lisay\Documents\Fall2020Class\[CS3113]Intro-to-Game\Intro-to-Game-Programming\Project6-StudentChoice\Level4.cpp(14,81): warning C4838: conversion from 'int' to 'unsigned int' requires a narrowing conversion
C:\Users\lisay\Documents\Fall2020Class\[CS3113]Intro-to-Game\Intro-to-Game-Programming\Project6-StudentChoice\Level4.cpp(14,85): warning C4838: conversion from 'int' to 'unsigned int' requires a narrowing conversion
C:\Users\lisay\Documents\Fall2020Class\[CS3113]Intro-to-Game\Intro-to-Game-Programming\Project6-StudentChoice\Level4.cpp(14,89): warning C4838: conversion from 'int' to 'unsigned int' requires a narrowing conversion
C:\Users\lisay\Documents\Fall2020Class\[CS3113]Intro-to-Game\Intro-to-Game-Programming\Project6-StudentChoice\Level4.cpp(14,93): warning C4838: conversion from 'int' to 'unsigned int' requires a narrowing conversion
C:\Users\lisay\Documents\Fall2020Class\[CS3113]Intro-to-Game\Intro-to-Game-Programming\Project6-StudentChoice\Level4.cpp(14,97): warning C4838: conversion from 'int' to 'unsigned int' requires a narrowing conversion
C:\Users\lisay\Documents\Fall2020Class\[CS3113]Intro-to-Game\Intro-to-Game-Programming\Project6-StudentChoice\Level4.cpp(14,101): warning C4838: conversion from 'int' to 'unsigned int' requires a narrowing conversion
C:\Users\lisay\Documents\Fall2020Class\[CS3113]Intro-to-Game\Intro-to-Game-Programming\Project6-StudentChoice\Level4.cpp(14,105): warning C4838: conversion from 'int' to 'unsigned int' requires a narrowing conversion
C:\Users\lisay\Documents\Fall2020Class\[CS3113]Intro-to-Game\Intro-to-Game-Programming\Project6-StudentChoice\Level4.cpp(14,109): warning C4838: conversion from 'int' to 'unsigned int' requires a narrowing conversion
C:\Users\lisay\Documents\Fall2020Class\[CS3113]Intro-to-Game\Intro-to-Game-Programming\Project6-StudentChoice\Level4.cpp(14,113): warning C4838: conversion from 'int' to 'unsigned int' requires a narrowing conversion
C:\Users\lisay\Documents\Fall2020Class\[CS3113]Intro-to-Game\Intro-to-Game-Programming\Project6-StudentChoice\Level4.cpp(14,117): warning C4838: conversion from 'int' to 'unsigned int' requires a narrowing conversion
C:\Users\lisay\Documents\Fall2020Class\[CS3113]Intro-to-Game\Intro-to-Game-Programming\Project6-StudentChoice\Level4.cpp(14,121): warning C4838: conversion from 'int' to 'unsigned int' requires a narrowing conversion
C:\Users\lisay\Documents\Fall2020Class\[CS3113]Intro-to-Game\Intro-to-Game-Programming\Project6-StudentChoice\Level4.cpp(14,125): warning C4838: conversion from 'int' to 'unsigned int' requires a narrowing conversion
C:\Users\lisay\Documents\Fall2020Class\[CS3113]Intro-to-Game\Intro-to-Game-Programming\Project6-StudentChoice\Level4.cpp(14,129): warning C4838: conversion from 'int' to 'unsigned int' requires a narrowing conversion
C:\Users\lisay\Documents\Fall2020Class\[CS3113]Intro-to-Game\Intro-to-Game-Programming\Project6-StudentChoice\Level4.cpp(14,133): warning C4838: conversion from 'int' to 'unsigned int' requires a narrowing conversion
C:\Users\lisay\Documents\Fall2020Class\[CS3113]Intro-to-Game\Intro-to-Game-Programming\Project6-StudentChoice\Level4.cpp(14,137): warning C4838: conversion from 'int' to 'unsigned int' requires a narrowing conversion
C:\Users\lisay\Documents\Fall2020Class\[CS3113]Intro-to-Game\Intro-to-Game-Programming\Project6-StudentChoice\Level4.cpp(14,141): warning C4838: conversion from 'int' to 'unsigned int' requires a narrowing conversion
C:\Users\lisay\Documents\Fall2020Class\[CS3113]Intro-to-Game\Intro-to-Game-Programming\Project6-StudentChoice\Level4.cpp(14,145): warning C4838: conversion from 'int' to 'unsigned int' requires a narrowing conversion
C:\Users\lisay\Documents\Fall2020Class\[CS3113]Intro-to-Game\Intro-to-Game-Programming\Project6-StudentChoice\Level4.cpp(14,149): warning C4838: conversion from 'int' to 'unsigned int' requires a narrowing conversion
C:\Users\lisay\Documents\Fall2020Class\[CS3113]Intro-to-Game\Intro-to-Game-Programming\Project6-StudentChoice\Level4.cpp(14,153): warning C4838: conversion from 'int' to 'unsigned int' requires a narrowing conversion
C:\Users\lisay\Documents\Fall2020Class\[CS3113]Intro-to-Game\Intro-to-Game-Programming\Project6-StudentChoice\Level4.cpp(14,157): warning C4838: conversion from 'int' to 'unsigned int' requires a narrowing conversion
C:\Users\lisay\Documents\Fall2020Class\[CS3113]Intro-to-Game\Intro-to-Game-Programming\Project6-StudentChoice\Level4.cpp(14,161): warning C4838: conversion from 'int' to 'unsigned int' requires a narrowing conversion
C:\Users\lisay\Documents\Fall2020Class\[CS3113]Intro-to-Game\Intro-to-Game-Programming\Project6-StudentChoice\Level4.cpp(14,165): warning C4838: conversion from 'int' to 'unsigned int' requires a narrowing conversion
C:\Users\lisay\Documents\Fall2020Class\[CS3113]Intro-to-Game\Intro-to-Game-Programming\Project6-StudentChoice\Level4.cpp(14,169): warning C4838: conversion from 'int' to 'unsigned int' requires a narrowing conversion
C:\Users\lisay\Documents\Fall2020Class\[CS3113]Intro-to-Game\Intro-to-Game-Programming\Project6-StudentChoice\Level4.cpp(14,173): warning C4838: conversion from 'int' to 'unsigned int' requires a narrowing conversion
C:\Users\lisay\Documents\Fall2020Class\[CS3113]Intro-to-Game\Intro-to-Game-Programming\Project6-StudentChoice\Level4.cpp(14,177): warning C4838: conversion from 'int' to 'unsigned int' requires a narrowing conversion
C:\Users\lisay\Documents\Fall2020Class\[CS3113]Intro-to-Game\Intro-to-Game-Programming\Project6-StudentChoice\Level4.cpp(14,181): warning C4838: conversion from 'int' to 'unsigned int' requires a narrowing conversion
C:\Users\lisay\Documents\Fall2020Class\[CS3113]Intro-to-Game\Intro-to-Game-Programming\Project6-StudentChoice\Level4.cpp(14,185): warning C4838: conversion from 'int' to 'unsigned int' requires a narrowing conversion
C:\Users\lisay\Documents\Fall2020Class\[CS3113]Intro-to-Game\Intro-to-Game-Programming\Project6-StudentChoice\Level4.cpp(14,189): warning C4838: conversion from 'int' to 'unsigned int' requires a narrowing conversion
C:\Users\lisay\Documents\Fall2020Class\[CS3113]Intro-to-Game\Intro-to-Game-Programming\Project6-StudentChoice\Level4.cpp(14,193): warning C4838: conversion from 'int' to 'unsigned int' requires a narrowing conversion
C:\Users\lisay\Documents\Fall2020Class\[CS3113]Intro-to-Game\Intro-to-Game-Programming\Project6-StudentChoice\Level4.cpp(14,197): warning C4838: conversion from 'int' to 'unsigned int' requires a narrowing conversion
C:\Users\lisay\Documents\Fall2020Class\[CS3113]Intro-to-Game\Intro-to-Game-Programming\Project6-StudentChoice\Level4.cpp(14,201): warning C4838: conversion from 'int' to 'unsigned int' requires a narrowing conversion
C:\Users\lisay\Documents\Fall2020Class\[CS3113]Intro-to-Game\Intro-to-Game-Programming\Project6-StudentChoice\Level4.cpp(14,205): warning C4838: conversion from 'int' to 'unsigned int' requires a narrowing conversion
C:\Users\lisay\Documents\Fall2020Class\[CS3113]Intro-to-Game\Intro-to-Game-Programming\Project6-StudentChoice\Level4.cpp(14,209): warning C4838: conversion from 'int' to 'unsigned int' requires a narrowing conversion
C:\Users\lisay\Documents\Fall2020Class\[CS3113]Intro-to-Game\Intro-to-Game-Programming\Project6-StudentChoice\Level4.cpp(14,213): warning C4838: conversion from 'int' to 'unsigned int' requires a narrowing conversion
C:\Users\lisay\Documents\Fall2020Class\[CS3113]Intro-to-Game\Intro-to-Game-Programming\Project6-StudentChoice\Level4.cpp(14,217): warning C4838: conversion from 'int' to 'unsigned int' requires a narrowing conversion
C:\Users\lisay\Documents\Fall2020Class\[CS3113]Intro-to-Game\Intro-to-Game-Programming\Project6-StudentChoice\Level4.cpp(14,221): warning C4838: conversion from 'int' to 'unsigned int' requires a narrowing conversion
C:\Users\lisay\Documents\Fall2020Class\[CS3113]Intro-to-Game\Intro-to-Game-Programming\Project6-StudentChoice\Level4.cpp(14,225): warning C4838: conversion from 'int' to 'unsigned int' requires a narrowing conversion
C:\Users\lisay\Documents\Fall2020Class\[CS3113]Intro-to-Game\Intro-to-Game-Programming\Project6-StudentChoice\Level4.cpp(14,229): warning C4838: conversion from 'int' to 'unsigned int' requires a narrowing conversion
C:\Users\lisay\Documents\Fall2020Class\[CS3113]Intro-to-Game\Intro-to-Game-Programming\Project6-StudentChoice\Level4.cpp(14,233): warning C4838: conversion from 'int' to 'unsigned int' requires a narrowing conversion
C:\Users\lisay\Documents\Fall2020Class\[CS3113]Intro-to-Game\Intro-to-Game-Programming\Project6-StudentChoice\Level4.cpp(14,237): warning C4838: conversion from 'int' to 'unsigned int' requires a narrowing conversion
C:\Users\lisay\Documents\Fall2020Class\[CS3113]Intro-to-Game\Intro-to-Game-Programming\Project6-StudentChoice\Level4.cpp(14,241): warning C4838: conversion from 'int' to 'unsigned int' requires a narrowing conversion
C:\Users\lisay\Documents\Fall2020Class\[CS3113]Intro-to-Game\Intro-to-Game-Programming\Project6-StudentChoice\Level4.cpp(14,245): warning C4838: conversion from 'int' to 'unsigned int' requires a narrowing conversion
C:\Users\lisay\Documents\Fall2020Class\[CS3113]Intro-to-Game\Intro-to-Game-Programming\Project6-StudentChoice\Level4.cpp(14,249): warning C4838: conversion from 'int' to 'unsigned int' requires a narrowing conversion
C:\Users\lisay\Documents\Fall2020Class\[CS3113]Intro-to-Game\Intro-to-Game-Programming\Project6-StudentChoice\Level4.cpp(14,253): warning C4838: conversion from 'int' to 'unsigned int' requires a narrowing conversion
C:\Users\lisay\Documents\Fall2020Class\[CS3113]Intro-to-Game\Intro-to-Game-Programming\Project6-StudentChoice\Level4.cpp(14,257): warning C4838: conversion from 'int' to 'unsigned int' requires a narrowing conversion
C:\Users\lisay\Documents\Fall2020Class\[CS3113]Intro-to-Game\Intro-to-Game-Programming\Project6-StudentChoice\Level4.cpp(14,261): warning C4838: conversion from 'int' to 'unsigned int' requires a narrowing conversion
C:\Users\lisay\Documents\Fall2020Class\[CS3113]Intro-to-Game\Intro-to-Game-Programming\Project6-StudentChoice\Level4.cpp(14,265): warning C4838: conversion from 'int' to 'unsigned int' requires a narrowing conversion
C:\Users\lisay\Documents\Fall2020Class\[CS3113]Intro-to-Game\Intro-to-Game-Programming\Project6-StudentChoice\Level4.cpp(14,269): warning C4838: conversion from 'int' to 'unsigned int' requires a narrowing conversion
C:\Users\lisay\Documents\Fall2020Class\[CS3113]Intro-to-Game\Intro-to-Game-Programming\Project6-StudentChoice\Level4.cpp(14,273): warning C4838: conversion from 'int' to 'unsigned int' requires a narrowing conversion
C:\Users\lisay\Documents\Fall2020Class\[CS3113]Intro-to-Game\Intro-to-Game-Programming\Project6-StudentChoice\Level4.cpp(14,277): warning C4838: conversion from 'int' to 'unsigned int' requires a narrowing conversion
C:\Users\lisay\Documents\Fall2020Class\[CS3113]Intro-to-Game\Intro-to-Game-Programming\Project6-StudentChoice\Level4.cpp(15,49): warning C4838: conversion from 'int' to 'unsigned int' requires a narrowing conversion
C:\Users\lisay\Documents\Fall2020Class\[CS3113]Intro-to-Game\Intro-to-Game-Programming\Project6-StudentChoice\Level4.cpp(15,53): warning C4838: conversion from 'int' to 'unsigned int' requires a narrowing conversion
C:\Users\lisay\Documents\Fall2020Class\[CS3113]Intro-to-Game\Intro-to-Game-Programming\Project6-StudentChoice\Level4.cpp(15,57): warning C4838: conversion from 'int' to 'unsigned int' requires a narrowing conversion
C:\Users\lisay\Documents\Fall2020Class\[CS3113]Intro-to-Game\Intro-to-Game-Programming\Project6-StudentChoice\Level4.cpp(15,61): warning C4838: conversion from 'int' to 'unsigned int' requires a narrowing conversion
C:\Users\lisay\Documents\Fall2020Class\[CS3113]Intro-to-Game\Intro-to-Game-Programming\Project6-StudentChoice\Level4.cpp(15,65): warning C4838: conversion from 'int' to 'unsigned int' requires a narrowing conversion
C:\Users\lisay\Documents\Fall2020Class\[CS3113]Intro-to-Game\Intro-to-Game-Programming\Project6-StudentChoice\Level4.cpp(15,69): warning C4838: conversion from 'int' to 'unsigned int' requires a narrowing conversion
C:\Users\lisay\Documents\Fall2020Class\[CS3113]Intro-to-Game\Intro-to-Game-Programming\Project6-StudentChoice\Level4.cpp(15,73): warning C4838: conversion from 'int' to 'unsigned int' requires a narrowing conversion
C:\Users\lisay\Documents\Fall2020Class\[CS3113]Intro-to-Game\Intro-to-Game-Programming\Project6-StudentChoice\Level4.cpp(15,77): warning C4838: conversion from 'int' to 'unsigned int' requires a narrowing conversion
C:\Users\lisay\Documents\Fall2020Class\[CS3113]Intro-to-Game\Intro-to-Game-Programming\Project6-StudentChoice\Level4.cpp(15,81): warning C4838: conversion from 'int' to 'unsigned int' requires a narrowing conversion
C:\Users\lisay\Documents\Fall2020Class\[CS3113]Intro-to-Game\Intro-to-Game-Programming\Project6-StudentChoice\Level4.cpp(15,85): warning C4838: conversion from 'int' to 'unsigned int' requires a narrowing conversion
C:\Users\lisay\Documents\Fall2020Class\[CS3113]Intro-to-Game\Intro-to-Game-Programming\Project6-StudentChoice\Level4.cpp(15,89): warning C4838: conversion from 'int' to 'unsigned int' requires a narrowing conversion
C:\Users\lisay\Documents\Fall2020Class\[CS3113]Intro-to-Game\Intro-to-Game-Programming\Project6-StudentChoice\Level4.cpp(15,93): warning C4838: conversion from 'int' to 'unsigned int' requires a narrowing conversion
C:\Users\lisay\Documents\Fall2020Class\[CS3113]Intro-to-Game\Intro-to-Game-Programming\Project6-StudentChoice\Level4.cpp(15,97): warning C4838: conversion from 'int' to 'unsigned int' requires a narrowing conversion
C:\Users\lisay\Documents\Fall2020Class\[CS3113]Intro-to-Game\Intro-to-Game-Programming\Project6-StudentChoice\Level4.cpp(15,101): warning C4838: conversion from 'int' to 'unsigned int' requires a narrowing conversion
C:\Users\lisay\Documents\Fall2020Class\[CS3113]Intro-to-Game\Intro-to-Game-Programming\Project6-StudentChoice\Level4.cpp(15,105): warning C4838: conversion from 'int' to 'unsigned int' requires a narrowing conversion
C:\Users\lisay\Documents\Fall2020Class\[CS3113]Intro-to-Game\Intro-to-Game-Programming\Project6-StudentChoice\Level4.cpp(15,109): warning C4838: conversion from 'int' to 'unsigned int' requires a narrowing conversion
C:\Users\lisay\Documents\Fall2020Class\[CS3113]Intro-to-Game\Intro-to-Game-Programming\Project6-StudentChoice\Level4.cpp(15,113): warning C4838: conversion from 'int' to 'unsigned int' requires a narrowing conversion
C:\Users\lisay\Documents\Fall2020Class\[CS3113]Intro-to-Game\Intro-to-Game-Programming\Project6-StudentChoice\Level4.cpp(15,117): warning C4838: conversion from 'int' to 'unsigned int' requires a narrowing conversion
C:\Users\lisay\Documents\Fall2020Class\[CS3113]Intro-to-Game\Intro-to-Game-Programming\Project6-StudentChoice\Level4.cpp(15,121): warning C4838: conversion from 'int' to 'unsigned int' requires a narrowing conversion
C:\Users\lisay\Documents\Fall2020Class\[CS3113]Intro-to-Game\Intro-to-Game-Programming\Project6-StudentChoice\Level4.cpp(15,125): warning C4838: conversion from 'int' to 'unsigned int' requires a narrowing conversion
C:\Users\lisay\Documents\Fall2020Class\[CS3113]Intro-to-Game\Intro-to-Game-Programming\Project6-StudentChoice\Level4.cpp(15,129): warning C4838: conversion from 'int' to 'unsigned int' requires a narrowing conversion
C:\Users\lisay\Documents\Fall2020Class\[CS3113]Intro-to-Game\Intro-to-Game-Programming\Project6-StudentChoice\Level4.cpp(15,133): warning C4838: conversion from 'int' to 'unsigned int' requires a narrowing conversion
C:\Users\lisay\Documents\Fall2020Class\[CS3113]Intro-to-Game\Intro-to-Game-Programming\Project6-StudentChoice\Level4.cpp(15,137): warning C4838: conversion from 'int' to 'unsigned int' requires a narrowing conversion
C:\Users\lisay\Documents\Fall2020Class\[CS3113]Intro-to-Game\Intro-to-Game-Programming\Project6-StudentChoice\Level4.cpp(15,141): warning C4838: conversion from 'int' to 'unsigned int' requires a narrowing conversion
C:\Users\lisay\Documents\Fall2020Class\[CS3113]Intro-to-Game\Intro-to-Game-Programming\Project6-StudentChoice\Level4.cpp(15,145): warning C4838: conversion from 'int' to 'unsigned int' requires a narrowing conversion
C:\Users\lisay\Documents\Fall2020Class\[CS3113]Intro-to-Game\Intro-to-Game-Programming\Project6-StudentChoice\Level4.cpp(15,149): warning C4838: conversion from 'int' to 'unsigned int' requires a narrowing conversion
C:\Users\lisay\Documents\Fall2020Class\[CS3113]Intro-to-Game\Intro-to-Game-Programming\Project6-StudentChoice\Level4.cpp(15,153): warning C4838: conversion from 'int' to 'unsigned int' requires a narrowing conversion
C:\Users\lisay\Documents\Fall2020Class\[CS3113]Intro-to-Game\Intro-to-Game-Programming\Project6-StudentChoice\Level4.cpp(15,157): warning C4838: conversion from 'int' to 'unsigned int' requires a narrowing conversion
C:\Users\lisay\Documents\Fall2020Class\[CS3113]Intro-to-Game\Intro-to-Game-Programming\Project6-StudentChoice\Level4.cpp(15,161): warning C4838: conversion from 'int' to 'unsigned int' requires a narrowing conversion
C:\Users\lisay\Documents\Fall2020Class\[CS3113]Intro-to-Game\Intro-to-Game-Programming\Project6-StudentChoice\Level4.cpp(15,165): warning C4838: conversion from 'int' to 'unsigned int' requires a narrowing conversion
C:\Users\lisay\Documents\Fall2020Class\[CS3113]Intro-to-Game\Intro-to-Game-Programming\Project6-StudentChoice\Level4.cpp(15,169): warning C4838: conversion from 'int' to 'unsigned int' requires a narrowing conversion
C:\Users\lisay\Documents\Fall2020Class\[CS3113]Intro-to-Game\Intro-to-Game-Programming\Project6-StudentChoice\Level4.cpp(15,173): warning C4838: conversion from 'int' to 'unsigned int' requires a narrowing conversion
C:\Users\lisay\Documents\Fall2020Class\[CS3113]Intro-to-Game\Intro-to-Game-Programming\Project6-StudentChoice\Level4.cpp(15,177): warning C4838: conversion from 'int' to 'unsigned int' requires a narrowing conversion
C:\Users\lisay\Documents\Fall2020Class\[CS3113]Intro-to-Game\Intro-to-Game-Programming\Project6-StudentChoice\Level4.cpp(15,181): warning C4838: conversion from 'int' to 'unsigned int' requires a narrowing conversion
C:\Users\lisay\Documents\Fall2020Class\[CS3113]Intro-to-Game\Intro-to-Game-Programming\Project6-StudentChoice\Level4.cpp(15,185): warning C4838: conversion from 'int' to 'unsigned int' requires a narrowing conversion
C:\Users\lisay\Documents\Fall2020Class\[CS3113]Intro-to-Game\Intro-to-Game-Programming\Project6-StudentChoice\Level4.cpp(15,189): warning C4838: conversion from 'int' to 'unsigned int' requires a narrowing conversion
C:\Users\lisay\Documents\Fall2020Class\[CS3113]Intro-to-Game\Intro-to-Game-Programming\Project6-StudentChoice\Level4.cpp(15,193): warning C4838: conversion from 'int' to 'unsigned int' requires a narrowing conversion
C:\Users\lisay\Documents\Fall2020Class\[CS3113]Intro-to-Game\Intro-to-Game-Programming\Project6-StudentChoice\Level4.cpp(15,197): warning C4838: conversion from 'int' to 'unsigned int' requires a narrowing conversion
C:\Users\lisay\Documents\Fall2020Class\[CS3113]Intro-to-Game\Intro-to-Game-Programming\Project6-StudentChoice\Level4.cpp(15,201): warning C4838: conversion from 'int' to 'unsigned int' requires a narrowing conversion
C:\Users\lisay\Documents\Fall2020Class\[CS3113]Intro-to-Game\Intro-to-Game-Programming\Project6-StudentChoice\Level4.cpp(15,205): warning C4838: conversion from 'int' to 'unsigned int' requires a narrowing conversion
C:\Users\lisay\Documents\Fall2020Class\[CS3113]Intro-to-Game\Intro-to-Game-Programming\Project6-StudentChoice\Level4.cpp(15,209): warning C4838: conversion from 'int' to 'unsigned int' requires a narrowing conversion
C:\Users\lisay\Documents\Fall2020Class\[CS3113]Intro-to-Game\Intro-to-Game-Programming\Project6-StudentChoice\Level4.cpp(15,213): warning C4838: conversion from 'int' to 'unsigned int' requires a narrowing conversion
C:\Users\lisay\Documents\Fall2020Class\[CS3113]Intro-to-Game\Intro-to-Game-Programming\Project6-StudentChoice\Level4.cpp(15,217): warning C4838: conversion from 'int' to 'unsigned int' requires a narrowing conversion
C:\Users\lisay\Documents\Fall2020Class\[CS3113]Intro-to-Game\Intro-to-Game-Programming\Project6-StudentChoice\Level4.cpp(15,221): warning C4838: conversion from 'int' to 'unsigned int' requires a narrowing conversion
C:\Users\lisay\Documents\Fall2020Class\[CS3113]Intro-to-Game\Intro-to-Game-Programming\Project6-StudentChoice\Level4.cpp(15,225): warning C4838: conversion from 'int' to 'unsigned int' requires a narrowing conversion
C:\Users\lisay\Documents\Fall2020Class\[CS3113]Intro-to-Game\Intro-to-Game-Programming\Project6-StudentChoice\Level4.cpp(15,229): warning C4838: conversion from 'int' to 'unsigned int' requires a narrowing conversion
C:\Users\lisay\Documents\Fall2020Class\[CS3113]Intro-to-Game\Intro-to-Game-Programming\Project6-StudentChoice\Level4.cpp(15,233): warning C4838: conversion from 'int' to 'unsigned int' requires a narrowing conversion
C:\Users\lisay\Documents\Fall2020Class\[CS3113]Intro-to-Game\Intro-to-Game-Programming\Project6-StudentChoice\Level4.cpp(15,237): warning C4838: conversion from 'int' to 'unsigned int' requires a narrowing conversion
C:\Users\lisay\Documents\Fall2020Class\[CS3113]Intro-to-Game\Intro-to-Game-Programming\Project6-StudentChoice\Level4.cpp(15,241): warning C4838: conversion from 'int' to 'unsigned int' requires a narrowing conversion
C:\Users\lisay\Documents\Fall2020Class\[CS3113]Intro-to-Game\Intro-to-Game-Programming\Project6-StudentChoice\Level4.cpp(15,245): warning C4838: conversion from 'int' to 'unsigned int' requires a narrowing conversion
C:\Users\lisay\Documents\Fall2020Class\[CS3113]Intro-to-Game\Intro-to-Game-Programming\Project6-StudentChoice\Level4.cpp(15,249): warning C4838: conversion from 'int' to 'unsigned int' requires a narrowing conversion
C:\Users\lisay\Documents\Fall2020Class\[CS3113]Intro-to-Game\Intro-to-Game-Programming\Project6-StudentChoice\Level4.cpp(15,253): warning C4838: conversion from 'int' to 'unsigned int' requires a narrowing conversion
C:\Users\lisay\Documents\Fall2020Class\[CS3113]Intro-to-Game\Intro-to-Game-Programming\Project6-StudentChoice\Level4.cpp(15,257): warning C4838: conversion from 'int' to 'unsigned int' requires a narrowing conversion
C:\Users\lisay\Documents\Fall2020Class\[CS3113]Intro-to-Game\Intro-to-Game-Programming\Project6-StudentChoice\Level4.cpp(15,261): warning C4838: conversion from 'int' to 'unsigned int' requires a narrowing conversion
C:\Users\lisay\Documents\Fall2020Class\[CS3113]Intro-to-Game\Intro-to-Game-Programming\Project6-StudentChoice\Level4.cpp(15,265): warning C4838: conversion from 'int' to 'unsigned int' requires a narrowing conversion
C:\Users\lisay\Documents\Fall2020Class\[CS3113]Intro-to-Game\Intro-to-Game-Programming\Project6-StudentChoice\Level4.cpp(15,269): warning C4838: conversion from 'int' to 'unsigned int' requires a narrowing conversion
C:\Users\lisay\Documents\Fall2020Class\[CS3113]Intro-to-Game\Intro-to-Game-Programming\Project6-StudentChoice\Level4.cpp(15,273): warning C4838: conversion from 'int' to 'unsigned int' requires a narrowing conversion
C:\Users\lisay\Documents\Fall2020Class\[CS3113]Intro-to-Game\Intro-to-Game-Programming\Project6-StudentChoice\Level4.cpp(15,277): warning C4838: conversion from 'int' to 'unsigned int' requires a narrowing conversion
C:\Users\lisay\Documents\Fall2020Class\[CS3113]Intro-to-Game\Intro-to-Game-Programming\Project6-StudentChoice\Level4.cpp(25,49): warning C4838: conversion from 'int' to 'unsigned int' requires a narrowing conversion
C:\Users\lisay\Documents\Fall2020Class\[CS3113]Intro-to-Game\Intro-to-Game-Programming\Project6-StudentChoice\Level4.cpp(25,53): warning C4838: conversion from 'int' to 'unsigned int' requires a narrowing conversion
C:\Users\lisay\Documents\Fall2020Class\[CS3113]Intro-to-Game\Intro-to-Game-Programming\Project6-StudentChoice\Level4.cpp(25,57): warning C4838: conversion from 'int' to 'unsigned int' requires a narrowing conversion
C:\Users\lisay\Documents\Fall2020Class\[CS3113]Intro-to-Game\Intro-to-Game-Programming\Project6-StudentChoice\Level4.cpp(25,61): warning C4838: conversion from 'int' to 'unsigned int' requires a narrowing conversion
C:\Users\lisay\Documents\Fall2020Class\[CS3113]Intro-to-Game\Intro-to-Game-Programming\Project6-StudentChoice\Level4.cpp(25,65): warning C4838: conversion from 'int' to 'unsigned int' requires a narrowing conversion
C:\Users\lisay\Documents\Fall2020Class\[CS3113]Intro-to-Game\Intro-to-Game-Programming\Project6-StudentChoice\Level4.cpp(25,69): warning C4838: conversion from 'int' to 'unsigned int' requires a narrowing conversion
C:\Users\lisay\Documents\Fall2020Class\[CS3113]Intro-to-Game\Intro-to-Game-Programming\Project6-StudentChoice\Level4.cpp(25,73): warning C4838: conversion from 'int' to 'unsigned int' requires a narrowing conversion
C:\Users\lisay\Documents\Fall2020Class\[CS3113]Intro-to-Game\Intro-to-Game-Programming\Project6-StudentChoice\Level4.cpp(25,77): warning C4838: conversion from 'int' to 'unsigned int' requires a narrowing conversion
C:\Users\lisay\Documents\Fall2020Class\[CS3113]Intro-to-Game\Intro-to-Game-Programming\Project6-StudentChoice\Level4.cpp(25,81): warning C4838: conversion from 'int' to 'unsigned int' requires a narrowing conversion
C:\Users\lisay\Documents\Fall2020Class\[CS3113]Intro-to-Game\Intro-to-Game-Programming\Project6-StudentChoice\Level4.cpp(25,85): warning C4838: conversion from 'int' to 'unsigned int' requires a narrowing conversion
C:\Users\lisay\Documents\Fall2020Class\[CS3113]Intro-to-Game\Intro-to-Game-Programming\Project6-StudentChoice\Level4.cpp(25,89): warning C4838: conversion from 'int' to 'unsigned int' requires a narrowing conversion
C:\Users\lisay\Documents\Fall2020Class\[CS3113]Intro-to-Game\Intro-to-Game-Programming\Project6-StudentChoice\Level4.cpp(25,93): warning C4838: conversion from 'int' to 'unsigned int' requires a narrowing conversion
C:\Users\lisay\Documents\Fall2020Class\[CS3113]Intro-to-Game\Intro-to-Game-Programming\Project6-StudentChoice\Level4.cpp(25,97): warning C4838: conversion from 'int' to 'unsigned int' requires a narrowing conversion
C:\Users\lisay\Documents\Fall2020Class\[CS3113]Intro-to-Game\Intro-to-Game-Programming\Project6-StudentChoice\Level4.cpp(25,101): warning C4838: conversion from 'int' to 'unsigned int' requires a narrowing conversion
C:\Users\lisay\Documents\Fall2020Class\[CS3113]Intro-to-Game\Intro-to-Game-Programming\Project6-StudentChoice\Level4.cpp(25,105): warning C4838: conversion from 'int' to 'unsigned int' requires a narrowing conversion
C:\Users\lisay\Documents\Fall2020Class\[CS3113]Intro-to-Game\Intro-to-Game-Programming\Project6-StudentChoice\Level4.cpp(25,109): warning C4838: conversion from 'int' to 'unsigned int' requires a narrowing conversion
C:\Users\lisay\Documents\Fall2020Class\[CS3113]Intro-to-Game\Intro-to-Game-Programming\Project6-StudentChoice\Level4.cpp(25,113): warning C4838: conversion from 'int' to 'unsigned int' requires a narrowing conversion
C:\Users\lisay\Documents\Fall2020Class\[CS3113]Intro-to-Game\Intro-to-Game-Programming\Project6-StudentChoice\Level4.cpp(25,117): warning C4838: conversion from 'int' to 'unsigned int' requires a narrowing conversion
C:\Users\lisay\Documents\Fall2020Class\[CS3113]Intro-to-Game\Intro-to-Game-Programming\Project6-StudentChoice\Level4.cpp(25,121): warning C4838: conversion from 'int' to 'unsigned int' requires a narrowing conversion
C:\Users\lisay\Documents\Fall2020Class\[CS3113]Intro-to-Game\Intro-to-Game-Programming\Project6-StudentChoice\Level4.cpp(25,125): warning C4838: conversion from 'int' to 'unsigned int' requires a narrowing conversion
C:\Users\lisay\Documents\Fall2020Class\[CS3113]Intro-to-Game\Intro-to-Game-Programming\Project6-StudentChoice\Level4.cpp(25,129): warning C4838: conversion from 'int' to 'unsigned int' requires a narrowing conversion
C:\Users\lisay\Documents\Fall2020Class\[CS3113]Intro-to-Game\Intro-to-Game-Programming\Project6-StudentChoice\Level4.cpp(25,133): warning C4838: conversion from 'int' to 'unsigned int' requires a narrowing conversion
C:\Users\lisay\Documents\Fall2020Class\[CS3113]Intro-to-Game\Intro-to-Game-Programming\Project6-StudentChoice\Level4.cpp(25,137): warning C4838: conversion from 'int' to 'unsigned int' requires a narrowing conversion
C:\Users\lisay\Documents\Fall2020Class\[CS3113]Intro-to-Game\Intro-to-Game-Programming\Project6-StudentChoice\Level4.cpp(25,141): warning C4838: conversion from 'int' to 'unsigned int' requires a narrowing conversion
C:\Users\lisay\Documents\Fall2020Class\[CS3113]Intro-to-Game\Intro-to-Game-Programming\Project6-StudentChoice\Level4.cpp(25,145): warning C4838: conversion from 'int' to 'unsigned int' requires a narrowing conversion
C:\Users\lisay\Documents\Fall2020Class\[CS3113]Intro-to-Game\Intro-to-Game-Programming\Project6-StudentChoice\Level4.cpp(25,149): warning C4838: conversion from 'int' to 'unsigned int' requires a narrowing conversion
C:\Users\lisay\Documents\Fall2020Class\[CS3113]Intro-to-Game\Intro-to-Game-Programming\Project6-StudentChoice\Level4.cpp(25,153): warning C4838: conversion from 'int' to 'unsigned int' requires a narrowing conversion
C:\Users\lisay\Documents\Fall2020Class\[CS3113]Intro-to-Game\Intro-to-Game-Programming\Project6-StudentChoice\Level4.cpp(25,157): warning C4838: conversion from 'int' to 'unsigned int' requires a narrowing conversion
C:\Users\lisay\Documents\Fall2020Class\[CS3113]Intro-to-Game\Intro-to-Game-Programming\Project6-StudentChoice\Level4.cpp(25,161): warning C4838: conversion from 'int' to 'unsigned int' requires a narrowing conversion
C:\Users\lisay\Documents\Fall2020Class\[CS3113]Intro-to-Game\Intro-to-Game-Programming\Project6-StudentChoice\Level4.cpp(25,165): warning C4838: conversion from 'int' to 'unsigned int' requires a narrowing conversion
C:\Users\lisay\Documents\Fall2020Class\[CS3113]Intro-to-Game\Intro-to-Game-Programming\Project6-StudentChoice\Level4.cpp(25,169): warning C4838: conversion from 'int' to 'unsigned int' requires a narrowing conversion
C:\Users\lisay\Documents\Fall2020Class\[CS3113]Intro-to-Game\Intro-to-Game-Programming\Project6-StudentChoice\Level4.cpp(25,173): warning C4838: conversion from 'int' to 'unsigned int' requires a narrowing conversion
C:\Users\lisay\Documents\Fall2020Class\[CS3113]Intro-to-Game\Intro-to-Game-Programming\Project6-StudentChoice\Level4.cpp(25,177): warning C4838: conversion from 'int' to 'unsigned int' requires a narrowing conversion
C:\Users\lisay\Documents\Fall2020Class\[CS3113]Intro-to-Game\Intro-to-Game-Programming\Project6-StudentChoice\Level4.cpp(25,181): warning C4838: conversion from 'int' to 'unsigned int' requires a narrowing conversion
C:\Users\lisay\Documents\Fall2020Class\[CS3113]Intro-to-Game\Intro-to-Game-Programming\Project6-StudentChoice\Level4.cpp(25,185): warning C4838: conversion from 'int' to 'unsigned int' requires a narrowing conversion
C:\Users\lisay\Documents\Fall2020Class\[CS3113]Intro-to-Game\Intro-to-Game-Programming\Project6-StudentChoice\Level4.cpp(25,189): warning C4838: conversion from 'int' to 'unsigned int' requires a narrowing conversion
C:\Users\lisay\Documents\Fall2020Class\[CS3113]Intro-to-Game\Intro-to-Game-Programming\Project6-StudentChoice\Level4.cpp(25,193): warning C4838: conversion from 'int' to 'unsigned int' requires a narrowing conversion
C:\Users\lisay\Documents\Fall2020Class\[CS3113]Intro-to-Game\Intro-to-Game-Programming\Project6-StudentChoice\Level4.cpp(25,197): warning C4838: conversion from 'int' to 'unsigned int' requires a narrowing conversion
C:\Users\lisay\Documents\Fall2020Class\[CS3113]Intro-to-Game\Intro-to-Game-Programming\Project6-StudentChoice\Level4.cpp(25,201): warning C4838: conversion from 'int' to 'unsigned int' requires a narrowing conversion
C:\Users\lisay\Documents\Fall2020Class\[CS3113]Intro-to-Game\Intro-to-Game-Programming\Project6-StudentChoice\Level4.cpp(25,205): warning C4838: conversion from 'int' to 'unsigned int' requires a narrowing conversion
C:\Users\lisay\Documents\Fall2020Class\[CS3113]Intro-to-Game\Intro-to-Game-Programming\Project6-StudentChoice\Level4.cpp(25,209): warning C4838: conversion from 'int' to 'unsigned int' requires a narrowing conversion
C:\Users\lisay\Documents\Fall2020Class\[CS3113]Intro-to-Game\Intro-to-Game-Programming\Project6-StudentChoice\Level4.cpp(25,213): warning C4838: conversion from 'int' to 'unsigned int' requires a narrowing conversion
C:\Users\lisay\Documents\Fall2020Class\[CS3113]Intro-to-Game\Intro-to-Game-Programming\Project6-StudentChoice\Level4.cpp(25,217): warning C4838: conversion from 'int' to 'unsigned int' requires a narrowing conversion
C:\Users\lisay\Documents\Fall2020Class\[CS3113]Intro-to-Game\Intro-to-Game-Programming\Project6-StudentChoice\Level4.cpp(25,221): warning C4838: conversion from 'int' to 'unsigned int' requires a narrowing conversion
C:\Users\lisay\Documents\Fall2020Class\[CS3113]Intro-to-Game\Intro-to-Game-Programming\Project6-StudentChoice\Level4.cpp(25,225): warning C4838: conversion from 'int' to 'unsigned int' requires a narrowing conversion
C:\Users\lisay\Documents\Fall2020Class\[CS3113]Intro-to-Game\Intro-to-Game-Programming\Project6-StudentChoice\Level4.cpp(25,229): warning C4838: conversion from 'int' to 'unsigned int' requires a narrowing conversion
C:\Users\lisay\Documents\Fall2020Class\[CS3113]Intro-to-Game\Intro-to-Game-Programming\Project6-StudentChoice\Level4.cpp(25,233): warning C4838: conversion from 'int' to 'unsigned int' requires a narrowing conversion
C:\Users\lisay\Documents\Fall2020Class\[CS3113]Intro-to-Game\Intro-to-Game-Programming\Project6-StudentChoice\Level4.cpp(25,237): warning C4838: conversion from 'int' to 'unsigned int' requires a narrowing conversion
C:\Users\lisay\Documents\Fall2020Class\[CS3113]Intro-to-Game\Intro-to-Game-Programming\Project6-StudentChoice\Level4.cpp(25,241): warning C4838: conversion from 'int' to 'unsigned int' requires a narrowing conversion
C:\Users\lisay\Documents\Fall2020Class\[CS3113]Intro-to-Game\Intro-to-Game-Programming\Project6-StudentChoice\Level4.cpp(25,245): warning C4838: conversion from 'int' to 'unsigned int' requires a narrowing conversion
C:\Users\lisay\Documents\Fall2020Class\[CS3113]Intro-to-Game\Intro-to-Game-Programming\Project6-StudentChoice\Level4.cpp(25,249): warning C4838: conversion from 'int' to 'unsigned int' requires a narrowing conversion
C:\Users\lisay\Documents\Fall2020Class\[CS3113]Intro-to-Game\Intro-to-Game-Programming\Project6-StudentChoice\Level4.cpp(25,253): warning C4838: conversion from 'int' to 'unsigned int' requires a narrowing conversion
C:\Users\lisay\Documents\Fall2020Class\[CS3113]Intro-to-Game\Intro-to-Game-Programming\Project6-StudentChoice\Level4.cpp(25,257): warning C4838: conversion from 'int' to 'unsigned int' requires a narrowing conversion
C:\Users\lisay\Documents\Fall2020Class\[CS3113]Intro-to-Game\Intro-to-Game-Programming\Project6-StudentChoice\Level4.cpp(25,261): warning C4838: conversion from 'int' to 'unsigned int' requires a narrowing conversion
C:\Users\lisay\Documents\Fall2020Class\[CS3113]Intro-to-Game\Intro-to-Game-Programming\Project6-StudentChoice\Level4.cpp(25,265): warning C4838: conversion from 'int' to 'unsigned int' requires a narrowing conversion
C:\Users\lisay\Documents\Fall2020Class\[CS3113]Intro-to-Game\Intro-to-Game-Programming\Project6-StudentChoice\Level4.cpp(25,269): warning C4838: conversion from 'int' to 'unsigned int' requires a narrowing conversion
C:\Users\lisay\Documents\Fall2020Class\[CS3113]Intro-to-Game\Intro-to-Game-Programming\Project6-StudentChoice\Level4.cpp(25,273): warning C4838: conversion from 'int' to 'unsigned int' requires a narrowing conversion
C:\Users\lisay\Documents\Fall2020Class\[CS3113]Intro-to-Game\Intro-to-Game-Programming\Project6-StudentChoice\Level4.cpp(25,277): warning C4838: conversion from 'int' to 'unsigned int' requires a narrowing conversion
C:\Users\lisay\Documents\Fall2020Class\[CS3113]Intro-to-Game\Intro-to-Game-Programming\Project6-StudentChoice\Level4.cpp(26,5): warning C4838: conversion from 'int' to 'unsigned int' requires a narrowing conversion
C:\Users\lisay\Documents\Fall2020Class\[CS3113]Intro-to-Game\Intro-to-Game-Programming\Project6-StudentChoice\Level4.cpp(26,9): warning C4838: conversion from 'int' to 'unsigned int' requires a narrowing conversion
C:\Users\lisay\Documents\Fall2020Class\[CS3113]Intro-to-Game\Intro-to-Game-Programming\Project6-StudentChoice\Level4.cpp(26,13): warning C4838: conversion from 'int' to 'unsigned int' requires a narrowing conversion
C:\Users\lisay\Documents\Fall2020Class\[CS3113]Intro-to-Game\Intro-to-Game-Programming\Project6-StudentChoice\Level4.cpp(26,49): warning C4838: conversion from 'int' to 'unsigned int' requires a narrowing conversion
C:\Users\lisay\Documents\Fall2020Class\[CS3113]Intro-to-Game\Intro-to-Game-Programming\Project6-StudentChoice\Level4.cpp(26,53): warning C4838: conversion from 'int' to 'unsigned int' requires a narrowing conversion
C:\Users\lisay\Documents\Fall2020Class\[CS3113]Intro-to-Game\Intro-to-Game-Programming\Project6-StudentChoice\Level4.cpp(26,57): warning C4838: conversion from 'int' to 'unsigned int' requires a narrowing conversion
C:\Users\lisay\Documents\Fall2020Class\[CS3113]Intro-to-Game\Intro-to-Game-Programming\Project6-StudentChoice\Level4.cpp(26,61): warning C4838: conversion from 'int' to 'unsigned int' requires a narrowing conversion
C:\Users\lisay\Documents\Fall2020Class\[CS3113]Intro-to-Game\Intro-to-Game-Programming\Project6-StudentChoice\Level4.cpp(26,65): warning C4838: conversion from 'int' to 'unsigned int' requires a narrowing conversion
C:\Users\lisay\Documents\Fall2020Class\[CS3113]Intro-to-Game\Intro-to-Game-Programming\Project6-StudentChoice\Level4.cpp(26,69): warning C4838: conversion from 'int' to 'unsigned int' requires a narrowing conversion
C:\Users\lisay\Documents\Fall2020Class\[CS3113]Intro-to-Game\Intro-to-Game-Programming\Project6-StudentChoice\Level4.cpp(26,73): warning C4838: conversion from 'int' to 'unsigned int' requires a narrowing conversion
C:\Users\lisay\Documents\Fall2020Class\[CS3113]Intro-to-Game\Intro-to-Game-Programming\Project6-StudentChoice\Level4.cpp(26,77): warning C4838: conversion from 'int' to 'unsigned int' requires a narrowing conversion
C:\Users\lisay\Documents\Fall2020Class\[CS3113]Intro-to-Game\Intro-to-Game-Programming\Project6-StudentChoice\Level4.cpp(26,81): warning C4838: conversion from 'int' to 'unsigned int' requires a narrowing conversion
C:\Users\lisay\Documents\Fall2020Class\[CS3113]Intro-to-Game\Intro-to-Game-Programming\Project6-StudentChoice\Level4.cpp(26,85): warning C4838: conversion from 'int' to 'unsigned int' requires a narrowing conversion
C:\Users\lisay\Documents\Fall2020Class\[CS3113]Intro-to-Game\Intro-to-Game-Programming\Project6-StudentChoice\Level4.cpp(26,89): warning C4838: conversion from 'int' to 'unsigned int' requires a narrowing conversion
C:\Users\lisay\Documents\Fall2020Class\[CS3113]Intro-to-Game\Intro-to-Game-Programming\Project6-StudentChoice\Level4.cpp(26,93): warning C4838: conversion from 'int' to 'unsigned int' requires a narrowing conversion
C:\Users\lisay\Documents\Fall2020Class\[CS3113]Intro-to-Game\Intro-to-Game-Programming\Project6-StudentChoice\Level4.cpp(26,97): warning C4838: conversion from 'int' to 'unsigned int' requires a narrowing conversion
C:\Users\lisay\Documents\Fall2020Class\[CS3113]Intro-to-Game\Intro-to-Game-Programming\Project6-StudentChoice\Level4.cpp(26,101): warning C4838: conversion from 'int' to 'unsigned int' requires a narrowing conversion
C:\Users\lisay\Documents\Fall2020Class\[CS3113]Intro-to-Game\Intro-to-Game-Programming\Project6-StudentChoice\Level4.cpp(26,105): warning C4838: conversion from 'int' to 'unsigned int' requires a narrowing conversion
C:\Users\lisay\Documents\Fall2020Class\[CS3113]Intro-to-Game\Intro-to-Game-Programming\Project6-StudentChoice\Level4.cpp(26,109): warning C4838: conversion from 'int' to 'unsigned int' requires a narrowing conversion
C:\Users\lisay\Documents\Fall2020Class\[CS3113]Intro-to-Game\Intro-to-Game-Programming\Project6-StudentChoice\Level4.cpp(26,113): warning C4838: conversion from 'int' to 'unsigned int' requires a narrowing conversion
C:\Users\lisay\Documents\Fall2020Class\[CS3113]Intro-to-Game\Intro-to-Game-Programming\Project6-StudentChoice\Level4.cpp(26,117): warning C4838: conversion from 'int' to 'unsigned int' requires a narrowing conversion
C:\Users\lisay\Documents\Fall2020Class\[CS3113]Intro-to-Game\Intro-to-Game-Programming\Project6-StudentChoice\Level4.cpp(26,121): warning C4838: conversion from 'int' to 'unsigned int' requires a narrowing conversion
C:\Users\lisay\Documents\Fall2020Class\[CS3113]Intro-to-Game\Intro-to-Game-Programming\Project6-StudentChoice\Level4.cpp(26,125): warning C4838: conversion from 'int' to 'unsigned int' requires a narrowing conversion
C:\Users\lisay\Documents\Fall2020Class\[CS3113]Intro-to-Game\Intro-to-Game-Programming\Project6-StudentChoice\Level4.cpp(26,129): warning C4838: conversion from 'int' to 'unsigned int' requires a narrowing conversion
C:\Users\lisay\Documents\Fall2020Class\[CS3113]Intro-to-Game\Intro-to-Game-Programming\Project6-StudentChoice\Level4.cpp(26,133): warning C4838: conversion from 'int' to 'unsigned int' requires a narrowing conversion
C:\Users\lisay\Documents\Fall2020Class\[CS3113]Intro-to-Game\Intro-to-Game-Programming\Project6-StudentChoice\Level4.cpp(26,137): warning C4838: conversion from 'int' to 'unsigned int' requires a narrowing conversion
C:\Users\lisay\Documents\Fall2020Class\[CS3113]Intro-to-Game\Intro-to-Game-Programming\Project6-StudentChoice\Level4.cpp(26,141): warning C4838: conversion from 'int' to 'unsigned int' requires a narrowing conversion
C:\Users\lisay\Documents\Fall2020Class\[CS3113]Intro-to-Game\Intro-to-Game-Programming\Project6-StudentChoice\Level4.cpp(26,145): warning C4838: conversion from 'int' to 'unsigned int' requires a narrowing conversion
C:\Users\lisay\Documents\Fall2020Class\[CS3113]Intro-to-Game\Intro-to-Game-Programming\Project6-StudentChoice\Level4.cpp(26,149): warning C4838: conversion from 'int' to 'unsigned int' requires a narrowing conversion
C:\Users\lisay\Documents\Fall2020Class\[CS3113]Intro-to-Game\Intro-to-Game-Programming\Project6-StudentChoice\Level4.cpp(26,153): warning C4838: conversion from 'int' to 'unsigned int' requires a narrowing conversion
C:\Users\lisay\Documents\Fall2020Class\[CS3113]Intro-to-Game\Intro-to-Game-Programming\Project6-StudentChoice\Level4.cpp(26,157): warning C4838: conversion from 'int' to 'unsigned int' requires a narrowing conversion
C:\Users\lisay\Documents\Fall2020Class\[CS3113]Intro-to-Game\Intro-to-Game-Programming\Project6-StudentChoice\Level4.cpp(26,161): warning C4838: conversion from 'int' to 'unsigned int' requires a narrowing conversion
C:\Users\lisay\Documents\Fall2020Class\[CS3113]Intro-to-Game\Intro-to-Game-Programming\Project6-StudentChoice\Level4.cpp(26,165): warning C4838: conversion from 'int' to 'unsigned int' requires a narrowing conversion
C:\Users\lisay\Documents\Fall2020Class\[CS3113]Intro-to-Game\Intro-to-Game-Programming\Project6-StudentChoice\Level4.cpp(26,169): warning C4838: conversion from 'int' to 'unsigned int' requires a narrowing conversion
C:\Users\lisay\Documents\Fall2020Class\[CS3113]Intro-to-Game\Intro-to-Game-Programming\Project6-StudentChoice\Level4.cpp(26,173): warning C4838: conversion from 'int' to 'unsigned int' requires a narrowing conversion
C:\Users\lisay\Documents\Fall2020Class\[CS3113]Intro-to-Game\Intro-to-Game-Programming\Project6-StudentChoice\Level4.cpp(26,177): warning C4838: conversion from 'int' to 'unsigned int' requires a narrowing conversion
C:\Users\lisay\Documents\Fall2020Class\[CS3113]Intro-to-Game\Intro-to-Game-Programming\Project6-StudentChoice\Level4.cpp(26,181): warning C4838: conversion from 'int' to 'unsigned int' requires a narrowing conversion
C:\Users\lisay\Documents\Fall2020Class\[CS3113]Intro-to-Game\Intro-to-Game-Programming\Project6-StudentChoice\Level4.cpp(26,185): warning C4838: conversion from 'int' to 'unsigned int' requires a narrowing conversion
C:\Users\lisay\Documents\Fall2020Class\[CS3113]Intro-to-Game\Intro-to-Game-Programming\Project6-StudentChoice\Level4.cpp(26,189): warning C4838: conversion from 'int' to 'unsigned int' requires a narrowing conversion
C:\Users\lisay\Documents\Fall2020Class\[CS3113]Intro-to-Game\Intro-to-Game-Programming\Project6-StudentChoice\Level4.cpp(26,193): warning C4838: conversion from 'int' to 'unsigned int' requires a narrowing conversion
C:\Users\lisay\Documents\Fall2020Class\[CS3113]Intro-to-Game\Intro-to-Game-Programming\Project6-StudentChoice\Level4.cpp(26,197): warning C4838: conversion from 'int' to 'unsigned int' requires a narrowing conversion
C:\Users\lisay\Documents\Fall2020Class\[CS3113]Intro-to-Game\Intro-to-Game-Programming\Project6-StudentChoice\Level4.cpp(26,201): warning C4838: conversion from 'int' to 'unsigned int' requires a narrowing conversion
C:\Users\lisay\Documents\Fall2020Class\[CS3113]Intro-to-Game\Intro-to-Game-Programming\Project6-StudentChoice\Level4.cpp(26,205): warning C4838: conversion from 'int' to 'unsigned int' requires a narrowing conversion
C:\Users\lisay\Documents\Fall2020Class\[CS3113]Intro-to-Game\Intro-to-Game-Programming\Project6-StudentChoice\Level4.cpp(26,209): warning C4838: conversion from 'int' to 'unsigned int' requires a narrowing conversion
C:\Users\lisay\Documents\Fall2020Class\[CS3113]Intro-to-Game\Intro-to-Game-Programming\Project6-StudentChoice\Level4.cpp(26,213): warning C4838: conversion from 'int' to 'unsigned int' requires a narrowing conversion
C:\Users\lisay\Documents\Fall2020Class\[CS3113]Intro-to-Game\Intro-to-Game-Programming\Project6-StudentChoice\Level4.cpp(26,217): warning C4838: conversion from 'int' to 'unsigned int' requires a narrowing conversion
C:\Users\lisay\Documents\Fall2020Class\[CS3113]Intro-to-Game\Intro-to-Game-Programming\Project6-StudentChoice\Level4.cpp(26,221): warning C4838: conversion from 'int' to 'unsigned int' requires a narrowing conversion
C:\Users\lisay\Documents\Fall2020Class\[CS3113]Intro-to-Game\Intro-to-Game-Programming\Project6-StudentChoice\Level4.cpp(26,225): warning C4838: conversion from 'int' to 'unsigned int' requires a narrowing conversion
C:\Users\lisay\Documents\Fall2020Class\[CS3113]Intro-to-Game\Intro-to-Game-Programming\Project6-StudentChoice\Level4.cpp(26,229): warning C4838: conversion from 'int' to 'unsigned int' requires a narrowing conversion
C:\Users\lisay\Documents\Fall2020Class\[CS3113]Intro-to-Game\Intro-to-Game-Programming\Project6-StudentChoice\Level4.cpp(26,233): warning C4838: conversion from 'int' to 'unsigned int' requires a narrowing conversion
C:\Users\lisay\Documents\Fall2020Class\[CS3113]Intro-to-Game\Intro-to-Game-Programming\Project6-StudentChoice\Level4.cpp(26,237): warning C4838: conversion from 'int' to 'unsigned int' requires a narrowing conversion
C:\Users\lisay\Documents\Fall2020Class\[CS3113]Intro-to-Game\Intro-to-Game-Programming\Project6-StudentChoice\Level4.cpp(26,241): warning C4838: conversion from 'int' to 'unsigned int' requires a narrowing conversion
C:\Users\lisay\Documents\Fall2020Class\[CS3113]Intro-to-Game\Intro-to-Game-Programming\Project6-StudentChoice\Level4.cpp(26,245): warning C4838: conversion from 'int' to 'unsigned int' requires a narrowing conversion
C:\Users\lisay\Documents\Fall2020Class\[CS3113]Intro-to-Game\Intro-to-Game-Programming\Project6-StudentChoice\Level4.cpp(26,249): warning C4838: conversion from 'int' to 'unsigned int' requires a narrowing conversion
C:\Users\lisay\Documents\Fall2020Class\[CS3113]Intro-to-Game\Intro-to-Game-Programming\Project6-StudentChoice\Level4.cpp(26,253): warning C4838: conversion from 'int' to 'unsigned int' requires a narrowing conversion
C:\Users\lisay\Documents\Fall2020Class\[CS3113]Intro-to-Game\Intro-to-Game-Programming\Project6-StudentChoice\Level4.cpp(26,257): warning C4838: conversion from 'int' to 'unsigned int' requires a narrowing conversion
C:\Users\lisay\Documents\Fall2020Class\[CS3113]Intro-to-Game\Intro-to-Game-Programming\Project6-StudentChoice\Level4.cpp(26,261): warning C4838: conversion from 'int' to 'unsigned int' requires a narrowing conversion
C:\Users\lisay\Documents\Fall2020Class\[CS3113]Intro-to-Game\Intro-to-Game-Programming\Project6-StudentChoice\Level4.cpp(26,265): warning C4838: conversion from 'int' to 'unsigned int' requires a narrowing conversion
C:\Users\lisay\Documents\Fall2020Class\[CS3113]Intro-to-Game\Intro-to-Game-Programming\Project6-StudentChoice\Level4.cpp(26,269): warning C4838: conversion from 'int' to 'unsigned int' requires a narrowing conversion
C:\Users\lisay\Documents\Fall2020Class\[CS3113]Intro-to-Game\Intro-to-Game-Programming\Project6-StudentChoice\Level4.cpp(26,273): warning C4838: conversion from 'int' to 'unsigned int' requires a narrowing conversion
C:\Users\lisay\Documents\Fall2020Class\[CS3113]Intro-to-Game\Intro-to-Game-Programming\Project6-StudentChoice\Level4.cpp(26,277): warning C4838: conversion from 'int' to 'unsigned int' requires a narrowing conversion
C:\Users\lisay\Documents\Fall2020Class\[CS3113]Intro-to-Game\Intro-to-Game-Programming\Project6-StudentChoice\Level4.cpp(27,5): warning C4838: conversion from 'int' to 'unsigned int' requires a narrowing conversion
C:\Users\lisay\Documents\Fall2020Class\[CS3113]Intro-to-Game\Intro-to-Game-Programming\Project6-StudentChoice\Level4.cpp(27,9): warning C4838: conversion from 'int' to 'unsigned int' requires a narrowing conversion
C:\Users\lisay\Documents\Fall2020Class\[CS3113]Intro-to-Game\Intro-to-Game-Programming\Project6-StudentChoice\Level4.cpp(27,13): warning C4838: conversion from 'int' to 'unsigned int' requires a narrowing conversion
C:\Users\lisay\Documents\Fall2020Class\[CS3113]Intro-to-Game\Intro-to-Game-Programming\Project6-StudentChoice\Level4.cpp(27,17): warning C4838: conversion from 'int' to 'unsigned int' requires a narrowing conversion
C:\Users\lisay\Documents\Fall2020Class\[CS3113]Intro-to-Game\Intro-to-Game-Programming\Project6-StudentChoice\Level4.cpp(27,21): warning C4838: conversion from 'int' to 'unsigned int' requires a narrowing conversion
C:\Users\lisay\Documents\Fall2020Class\[CS3113]Intro-to-Game\Intro-to-Game-Programming\Project6-StudentChoice\Level4.cpp(27,25): warning C4838: conversion from 'int' to 'unsigned int' requires a narrowing conversion
C:\Users\lisay\Documents\Fall2020Class\[CS3113]Intro-to-Game\Intro-to-Game-Programming\Project6-StudentChoice\Level4.cpp(27,29): warning C4838: conversion from 'int' to 'unsigned int' requires a narrowing conversion
C:\Users\lisay\Documents\Fall2020Class\[CS3113]Intro-to-Game\Intro-to-Game-Programming\Project6-StudentChoice\Level4.cpp(27,33): warning C4838: conversion from 'int' to 'unsigned int' requires a narrowing conversion
C:\Users\lisay\Documents\Fall2020Class\[CS3113]Intro-to-Game\Intro-to-Game-Programming\Project6-StudentChoice\Level4.cpp(27,37): warning C4838: conversion from 'int' to 'unsigned int' requires a narrowing conversion
C:\Users\lisay\Documents\Fall2020Class\[CS3113]Intro-to-Game\Intro-to-Game-Programming\Project6-StudentChoice\Level4.cpp(27,41): warning C4838: conversion from 'int' to 'unsigned int' requires a narrowing conversion
C:\Users\lisay\Documents\Fall2020Class\[CS3113]Intro-to-Game\Intro-to-Game-Programming\Project6-StudentChoice\Level4.cpp(27,45): warning C4838: conversion from 'int' to 'unsigned int' requires a narrowing conversion
C:\Users\lisay\Documents\Fall2020Class\[CS3113]Intro-to-Game\Intro-to-Game-Programming\Project6-StudentChoice\Level4.cpp(27,49): warning C4838: conversion from 'int' to 'unsigned int' requires a narrowing conversion
C:\Users\lisay\Documents\Fall2020Class\[CS3113]Intro-to-Game\Intro-to-Game-Programming\Project6-StudentChoice\Level4.cpp(27,53): warning C4838: conversion from 'int' to 'unsigned int' requires a narrowing conversion
C:\Users\lisay\Documents\Fall2020Class\[CS3113]Intro-to-Game\Intro-to-Game-Programming\Project6-StudentChoice\Level4.cpp(27,57): warning C4838: conversion from 'int' to 'unsigned int' requires a narrowing conversion
C:\Users\lisay\Documents\Fall2020Class\[CS3113]Intro-to-Game\Intro-to-Game-Programming\Project6-StudentChoice\Level4.cpp(27,61): warning C4838: conversion from 'int' to 'unsigned int' requires a narrowing conversion
C:\Users\lisay\Documents\Fall2020Class\[CS3113]Intro-to-Game\Intro-to-Game-Programming\Project6-StudentChoice\Level4.cpp(27,65): warning C4838: conversion from 'int' to 'unsigned int' requires a narrowing conversion
C:\Users\lisay\Documents\Fall2020Class\[CS3113]Intro-to-Game\Intro-to-Game-Programming\Project6-StudentChoice\Level4.cpp(27,69): warning C4838: conversion from 'int' to 'unsigned int' requires a narrowing conversion
C:\Users\lisay\Documents\Fall2020Class\[CS3113]Intro-to-Game\Intro-to-Game-Programming\Project6-StudentChoice\Level4.cpp(27,73): warning C4838: conversion from 'int' to 'unsigned int' requires a narrowing conversion
C:\Users\lisay\Documents\Fall2020Class\[CS3113]Intro-to-Game\Intro-to-Game-Programming\Project6-StudentChoice\Level4.cpp(27,77): warning C4838: conversion from 'int' to 'unsigned int' requires a narrowing conversion
C:\Users\lisay\Documents\Fall2020Class\[CS3113]Intro-to-Game\Intro-to-Game-Programming\Project6-StudentChoice\Level4.cpp(27,81): warning C4838: conversion from 'int' to 'unsigned int' requires a narrowing conversion
C:\Users\lisay\Documents\Fall2020Class\[CS3113]Intro-to-Game\Intro-to-Game-Programming\Project6-StudentChoice\Level4.cpp(27,85): warning C4838: conversion from 'int' to 'unsigned int' requires a narrowing conversion
C:\Users\lisay\Documents\Fall2020Class\[CS3113]Intro-to-Game\Intro-to-Game-Programming\Project6-StudentChoice\Level4.cpp(27,89): warning C4838: conversion from 'int' to 'unsigned int' requires a narrowing conversion
C:\Users\lisay\Documents\Fall2020Class\[CS3113]Intro-to-Game\Intro-to-Game-Programming\Project6-StudentChoice\Level4.cpp(27,93): warning C4838: conversion from 'int' to 'unsigned int' requires a narrowing conversion
C:\Users\lisay\Documents\Fall2020Class\[CS3113]Intro-to-Game\Intro-to-Game-Programming\Project6-StudentChoice\Level4.cpp(27,97): warning C4838: conversion from 'int' to 'unsigned int' requires a narrowing conversion
C:\Users\lisay\Documents\Fall2020Class\[CS3113]Intro-to-Game\Intro-to-Game-Programming\Project6-StudentChoice\Level4.cpp(27,101): warning C4838: conversion from 'int' to 'unsigned int' requires a narrowing conversion
C:\Users\lisay\Documents\Fall2020Class\[CS3113]Intro-to-Game\Intro-to-Game-Programming\Project6-StudentChoice\Level4.cpp(27,105): warning C4838: conversion from 'int' to 'unsigned int' requires a narrowing conversion
C:\Users\lisay\Documents\Fall2020Class\[CS3113]Intro-to-Game\Intro-to-Game-Programming\Project6-StudentChoice\Level4.cpp(27,109): warning C4838: conversion from 'int' to 'unsigned int' requires a narrowing conversion
C:\Users\lisay\Documents\Fall2020Class\[CS3113]Intro-to-Game\Intro-to-Game-Programming\Project6-StudentChoice\Level4.cpp(27,113): warning C4838: conversion from 'int' to 'unsigned int' requires a narrowing conversion
C:\Users\lisay\Documents\Fall2020Class\[CS3113]Intro-to-Game\Intro-to-Game-Programming\Project6-StudentChoice\Level4.cpp(27,117): warning C4838: conversion from 'int' to 'unsigned int' requires a narrowing conversion
C:\Users\lisay\Documents\Fall2020Class\[CS3113]Intro-to-Game\Intro-to-Game-Programming\Project6-StudentChoice\Level4.cpp(27,121): warning C4838: conversion from 'int' to 'unsigned int' requires a narrowing conversion
C:\Users\lisay\Documents\Fall2020Class\[CS3113]Intro-to-Game\Intro-to-Game-Programming\Project6-StudentChoice\Level4.cpp(27,125): warning C4838: conversion from 'int' to 'unsigned int' requires a narrowing conversion
C:\Users\lisay\Documents\Fall2020Class\[CS3113]Intro-to-Game\Intro-to-Game-Programming\Project6-StudentChoice\Level4.cpp(27,129): warning C4838: conversion from 'int' to 'unsigned int' requires a narrowing conversion
C:\Users\lisay\Documents\Fall2020Class\[CS3113]Intro-to-Game\Intro-to-Game-Programming\Project6-StudentChoice\Level4.cpp(27,133): warning C4838: conversion from 'int' to 'unsigned int' requires a narrowing conversion
C:\Users\lisay\Documents\Fall2020Class\[CS3113]Intro-to-Game\Intro-to-Game-Programming\Project6-StudentChoice\Level4.cpp(27,137): warning C4838: conversion from 'int' to 'unsigned int' requires a narrowing conversion
C:\Users\lisay\Documents\Fall2020Class\[CS3113]Intro-to-Game\Intro-to-Game-Programming\Project6-StudentChoice\Level4.cpp(27,141): warning C4838: conversion from 'int' to 'unsigned int' requires a narrowing conversion
C:\Users\lisay\Documents\Fall2020Class\[CS3113]Intro-to-Game\Intro-to-Game-Programming\Project6-StudentChoice\Level4.cpp(27,145): warning C4838: conversion from 'int' to 'unsigned int' requires a narrowing conversion
C:\Users\lisay\Documents\Fall2020Class\[CS3113]Intro-to-Game\Intro-to-Game-Programming\Project6-StudentChoice\Level4.cpp(27,149): warning C4838: conversion from 'int' to 'unsigned int' requires a narrowing conversion
C:\Users\lisay\Documents\Fall2020Class\[CS3113]Intro-to-Game\Intro-to-Game-Programming\Project6-StudentChoice\Level4.cpp(27,153): warning C4838: conversion from 'int' to 'unsigned int' requires a narrowing conversion
C:\Users\lisay\Documents\Fall2020Class\[CS3113]Intro-to-Game\Intro-to-Game-Programming\Project6-StudentChoice\Level4.cpp(27,157): warning C4838: conversion from 'int' to 'unsigned int' requires a narrowing conversion
C:\Users\lisay\Documents\Fall2020Class\[CS3113]Intro-to-Game\Intro-to-Game-Programming\Project6-StudentChoice\Level4.cpp(27,161): warning C4838: conversion from 'int' to 'unsigned int' requires a narrowing conversion
C:\Users\lisay\Documents\Fall2020Class\[CS3113]Intro-to-Game\Intro-to-Game-Programming\Project6-StudentChoice\Level4.cpp(27,165): warning C4838: conversion from 'int' to 'unsigned int' requires a narrowing conversion
C:\Users\lisay\Documents\Fall2020Class\[CS3113]Intro-to-Game\Intro-to-Game-Programming\Project6-StudentChoice\Level4.cpp(27,169): warning C4838: conversion from 'int' to 'unsigned int' requires a narrowing conversion
C:\Users\lisay\Documents\Fall2020Class\[CS3113]Intro-to-Game\Intro-to-Game-Programming\Project6-StudentChoice\Level4.cpp(27,173): warning C4838: conversion from 'int' to 'unsigned int' requires a narrowing conversion
C:\Users\lisay\Documents\Fall2020Class\[CS3113]Intro-to-Game\Intro-to-Game-Programming\Project6-StudentChoice\Level4.cpp(27,177): warning C4838: conversion from 'int' to 'unsigned int' requires a narrowing conversion
C:\Users\lisay\Documents\Fall2020Class\[CS3113]Intro-to-Game\Intro-to-Game-Programming\Project6-StudentChoice\Level4.cpp(27,181): warning C4838: conversion from 'int' to 'unsigned int' requires a narrowing conversion
C:\Users\lisay\Documents\Fall2020Class\[CS3113]Intro-to-Game\Intro-to-Game-Programming\Project6-StudentChoice\Level4.cpp(27,185): warning C4838: conversion from 'int' to 'unsigned int' requires a narrowing conversion
C:\Users\lisay\Documents\Fall2020Class\[CS3113]Intro-to-Game\Intro-to-Game-Programming\Project6-StudentChoice\Level4.cpp(27,189): warning C4838: conversion from 'int' to 'unsigned int' requires a narrowing conversion
C:\Users\lisay\Documents\Fall2020Class\[CS3113]Intro-to-Game\Intro-to-Game-Programming\Project6-StudentChoice\Level4.cpp(27,193): warning C4838: conversion from 'int' to 'unsigned int' requires a narrowing conversion
C:\Users\lisay\Documents\Fall2020Class\[CS3113]Intro-to-Game\Intro-to-Game-Programming\Project6-StudentChoice\Level4.cpp(27,197): warning C4838: conversion from 'int' to 'unsigned int' requires a narrowing conversion
C:\Users\lisay\Documents\Fall2020Class\[CS3113]Intro-to-Game\Intro-to-Game-Programming\Project6-StudentChoice\Level4.cpp(27,201): warning C4838: conversion from 'int' to 'unsigned int' requires a narrowing conversion
C:\Users\lisay\Documents\Fall2020Class\[CS3113]Intro-to-Game\Intro-to-Game-Programming\Project6-StudentChoice\Level4.cpp(27,205): warning C4838: conversion from 'int' to 'unsigned int' requires a narrowing conversion
C:\Users\lisay\Documents\Fall2020Class\[CS3113]Intro-to-Game\Intro-to-Game-Programming\Project6-StudentChoice\Level4.cpp(27,209): warning C4838: conversion from 'int' to 'unsigned int' requires a narrowing conversion
C:\Users\lisay\Documents\Fall2020Class\[CS3113]Intro-to-Game\Intro-to-Game-Programming\Project6-StudentChoice\Level4.cpp(27,213): warning C4838: conversion from 'int' to 'unsigned int' requires a narrowing conversion
C:\Users\lisay\Documents\Fall2020Class\[CS3113]Intro-to-Game\Intro-to-Game-Programming\Project6-StudentChoice\Level4.cpp(27,217): warning C4838: conversion from 'int' to 'unsigned int' requires a narrowing conversion
C:\Users\lisay\Documents\Fall2020Class\[CS3113]Intro-to-Game\Intro-to-Game-Programming\Project6-StudentChoice\Level4.cpp(27,221): warning C4838: conversion from 'int' to 'unsigned int' requires a narrowing conversion
C:\Users\lisay\Documents\Fall2020Class\[CS3113]Intro-to-Game\Intro-to-Game-Programming\Project6-StudentChoice\Level4.cpp(27,225): warning C4838: conversion from 'int' to 'unsigned int' requires a narrowing conversion
C:\Users\lisay\Documents\Fall2020Class\[CS3113]Intro-to-Game\Intro-to-Game-Programming\Project6-StudentChoice\Level4.cpp(27,229): warning C4838: conversion from 'int' to 'unsigned int' requires a narrowing conversion
C:\Users\lisay\Documents\Fall2020Class\[CS3113]Intro-to-Game\Intro-to-Game-Programming\Project6-StudentChoice\Level4.cpp(27,233): warning C4838: conversion from 'int' to 'unsigned int' requires a narrowing conversion
C:\Users\lisay\Documents\Fall2020Class\[CS3113]Intro-to-Game\Intro-to-Game-Programming\Project6-StudentChoice\Level4.cpp(27,237): warning C4838: conversion from 'int' to 'unsigned int' requires a narrowing conversion
C:\Users\lisay\Documents\Fall2020Class\[CS3113]Intro-to-Game\Intro-to-Game-Programming\Project6-StudentChoice\Level4.cpp(27,241): warning C4838: conversion from 'int' to 'unsigned int' requires a narrowing conversion
C:\Users\lisay\Documents\Fall2020Class\[CS3113]Intro-to-Game\Intro-to-Game-Programming\Project6-StudentChoice\Level4.cpp(27,245): warning C4838: conversion from 'int' to 'unsigned int' requires a narrowing conversion
C:\Users\lisay\Documents\Fall2020Class\[CS3113]Intro-to-Game\Intro-to-Game-Programming\Project6-StudentChoice\Level4.cpp(27,249): warning C4838: conversion from 'int' to 'unsigned int' requires a narrowing conversion
C:\Users\lisay\Documents\Fall2020Class\[CS3113]Intro-to-Game\Intro-to-Game-Programming\Project6-StudentChoice\Level4.cpp(27,253): warning C4838: conversion from 'int' to 'unsigned int' requires a narrowing conversion
C:\Users\lisay\Documents\Fall2020Class\[CS3113]Intro-to-Game\Intro-to-Game-Programming\Project6-StudentChoice\Level4.cpp(27,257): warning C4838: conversion from 'int' to 'unsigned int' requires a narrowing conversion
C:\Users\lisay\Documents\Fall2020Class\[CS3113]Intro-to-Game\Intro-to-Game-Programming\Project6-StudentChoice\Level4.cpp(27,261): warning C4838: conversion from 'int' to 'unsigned int' requires a narrowing conversion
C:\Users\lisay\Documents\Fall2020Class\[CS3113]Intro-to-Game\Intro-to-Game-Programming\Project6-StudentChoice\Level4.cpp(27,265): warning C4838: conversion from 'int' to 'unsigned int' requires a narrowing conversion
C:\Users\lisay\Documents\Fall2020Class\[CS3113]Intro-to-Game\Intro-to-Game-Programming\Project6-StudentChoice\Level4.cpp(27,269): warning C4838: conversion from 'int' to 'unsigned int' requires a narrowing conversion
C:\Users\lisay\Documents\Fall2020Class\[CS3113]Intro-to-Game\Intro-to-Game-Programming\Project6-StudentChoice\Level4.cpp(27,273): warning C4838: conversion from 'int' to 'unsigned int' requires a narrowing conversion
C:\Users\lisay\Documents\Fall2020Class\[CS3113]Intro-to-Game\Intro-to-Game-Programming\Project6-StudentChoice\Level4.cpp(27,277): warning C4838: conversion from 'int' to 'unsigned int' requires a narrowing conversion
C:\Users\lisay\Documents\Fall2020Class\[CS3113]Intro-to-Game\Intro-to-Game-Programming\Project6-StudentChoice\Level4.cpp(28,5): warning C4838: conversion from 'int' to 'unsigned int' requires a narrowing conversion
C:\Users\lisay\Documents\Fall2020Class\[CS3113]Intro-to-Game\Intro-to-Game-Programming\Project6-StudentChoice\Level4.cpp(28,9): warning C4838: conversion from 'int' to 'unsigned int' requires a narrowing conversion
C:\Users\lisay\Documents\Fall2020Class\[CS3113]Intro-to-Game\Intro-to-Game-Programming\Project6-StudentChoice\Level4.cpp(28,13): warning C4838: conversion from 'int' to 'unsigned int' requires a narrowing conversion
C:\Users\lisay\Documents\Fall2020Class\[CS3113]Intro-to-Game\Intro-to-Game-Programming\Project6-StudentChoice\Level4.cpp(28,17): warning C4838: conversion from 'int' to 'unsigned int' requires a narrowing conversion
C:\Users\lisay\Documents\Fall2020Class\[CS3113]Intro-to-Game\Intro-to-Game-Programming\Project6-StudentChoice\Level4.cpp(28,21): warning C4838: conversion from 'int' to 'unsigned int' requires a narrowing conversion
C:\Users\lisay\Documents\Fall2020Class\[CS3113]Intro-to-Game\Intro-to-Game-Programming\Project6-StudentChoice\Level4.cpp(28,25): warning C4838: conversion from 'int' to 'unsigned int' requires a narrowing conversion
C:\Users\lisay\Documents\Fall2020Class\[CS3113]Intro-to-Game\Intro-to-Game-Programming\Project6-StudentChoice\Level4.cpp(28,29): warning C4838: conversion from 'int' to 'unsigned int' requires a narrowing conversion
C:\Users\lisay\Documents\Fall2020Class\[CS3113]Intro-to-Game\Intro-to-Game-Programming\Project6-StudentChoice\Level4.cpp(28,33): warning C4838: conversion from 'int' to 'unsigned int' requires a narrowing conversion
C:\Users\lisay\Documents\Fall2020Class\[CS3113]Intro-to-Game\Intro-to-Game-Programming\Project6-StudentChoice\Level4.cpp(28,37): warning C4838: conversion from 'int' to 'unsigned int' requires a narrowing conversion
C:\Users\lisay\Documents\Fall2020Class\[CS3113]Intro-to-Game\Intro-to-Game-Programming\Project6-StudentChoice\Level4.cpp(28,41): warning C4838: conversion from 'int' to 'unsigned int' requires a narrowing conversion
C:\Users\lisay\Documents\Fall2020Class\[CS3113]Intro-to-Game\Intro-to-Game-Programming\Project6-StudentChoice\Level4.cpp(28,45): warning C4838: conversion from 'int' to 'unsigned int' requires a narrowing conversion
C:\Users\lisay\Documents\Fall2020Class\[CS3113]Intro-to-Game\Intro-to-Game-Programming\Project6-StudentChoice\Level4.cpp(28,49): warning C4838: conversion from 'int' to 'unsigned int' requires a narrowing conversion
C:\Users\lisay\Documents\Fall2020Class\[CS3113]Intro-to-Game\Intro-to-Game-Programming\Project6-StudentChoice\Level4.cpp(28,53): warning C4838: conversion from 'int' to 'unsigned int' requires a narrowing conversion
C:\Users\lisay\Documents\Fall2020Class\[CS3113]Intro-to-Game\Intro-to-Game-Programming\Project6-StudentChoice\Level4.cpp(28,57): warning C4838: conversion from 'int' to 'unsigned int' requires a narrowing conversion
C:\Users\lisay\Documents\Fall2020Class\[CS3113]Intro-to-Game\Intro-to-Game-Programming\Project6-StudentChoice\Level4.cpp(28,61): warning C4838: conversion from 'int' to 'unsigned int' requires a narrowing conversion
C:\Users\lisay\Documents\Fall2020Class\[CS3113]Intro-to-Game\Intro-to-Game-Programming\Project6-StudentChoice\Level4.cpp(28,65): warning C4838: conversion from 'int' to 'unsigned int' requires a narrowing conversion
C:\Users\lisay\Documents\Fall2020Class\[CS3113]Intro-to-Game\Intro-to-Game-Programming\Project6-StudentChoice\Level4.cpp(28,69): warning C4838: conversion from 'int' to 'unsigned int' requires a narrowing conversion
C:\Users\lisay\Documents\Fall2020Class\[CS3113]Intro-to-Game\Intro-to-Game-Programming\Project6-StudentChoice\Level4.cpp(28,73): warning C4838: conversion from 'int' to 'unsigned int' requires a narrowing conversion
C:\Users\lisay\Documents\Fall2020Class\[CS3113]Intro-to-Game\Intro-to-Game-Programming\Project6-StudentChoice\Level4.cpp(28,77): warning C4838: conversion from 'int' to 'unsigned int' requires a narrowing conversion
C:\Users\lisay\Documents\Fall2020Class\[CS3113]Intro-to-Game\Intro-to-Game-Programming\Project6-StudentChoice\Level4.cpp(28,81): warning C4838: conversion from 'int' to 'unsigned int' requires a narrowing conversion
C:\Users\lisay\Documents\Fall2020Class\[CS3113]Intro-to-Game\Intro-to-Game-Programming\Project6-StudentChoice\Level4.cpp(28,85): warning C4838: conversion from 'int' to 'unsigned int' requires a narrowing conversion
C:\Users\lisay\Documents\Fall2020Class\[CS3113]Intro-to-Game\Intro-to-Game-Programming\Project6-StudentChoice\Level4.cpp(28,89): warning C4838: conversion from 'int' to 'unsigned int' requires a narrowing conversion
C:\Users\lisay\Documents\Fall2020Class\[CS3113]Intro-to-Game\Intro-to-Game-Programming\Project6-StudentChoice\Level4.cpp(28,93): warning C4838: conversion from 'int' to 'unsigned int' requires a narrowing conversion
C:\Users\lisay\Documents\Fall2020Class\[CS3113]Intro-to-Game\Intro-to-Game-Programming\Project6-StudentChoice\Level4.cpp(28,97): warning C4838: conversion from 'int' to 'unsigned int' requires a narrowing conversion
C:\Users\lisay\Documents\Fall2020Class\[CS3113]Intro-to-Game\Intro-to-Game-Programming\Project6-StudentChoice\Level4.cpp(28,101): warning C4838: conversion from 'int' to 'unsigned int' requires a narrowing conversion
C:\Users\lisay\Documents\Fall2020Class\[CS3113]Intro-to-Game\Intro-to-Game-Programming\Project6-StudentChoice\Level4.cpp(28,105): warning C4838: conversion from 'int' to 'unsigned int' requires a narrowing conversion
C:\Users\lisay\Documents\Fall2020Class\[CS3113]Intro-to-Game\Intro-to-Game-Programming\Project6-StudentChoice\Level4.cpp(28,109): warning C4838: conversion from 'int' to 'unsigned int' requires a narrowing conversion
C:\Users\lisay\Documents\Fall2020Class\[CS3113]Intro-to-Game\Intro-to-Game-Programming\Project6-StudentChoice\Level4.cpp(28,113): warning C4838: conversion from 'int' to 'unsigned int' requires a narrowing conversion
C:\Users\lisay\Documents\Fall2020Class\[CS3113]Intro-to-Game\Intro-to-Game-Programming\Project6-StudentChoice\Level4.cpp(28,117): warning C4838: conversion from 'int' to 'unsigned int' requires a narrowing conversion
C:\Users\lisay\Documents\Fall2020Class\[CS3113]Intro-to-Game\Intro-to-Game-Programming\Project6-StudentChoice\Level4.cpp(28,121): warning C4838: conversion from 'int' to 'unsigned int' requires a narrowing conversion
C:\Users\lisay\Documents\Fall2020Class\[CS3113]Intro-to-Game\Intro-to-Game-Programming\Project6-StudentChoice\Level4.cpp(28,125): warning C4838: conversion from 'int' to 'unsigned int' requires a narrowing conversion
C:\Users\lisay\Documents\Fall2020Class\[CS3113]Intro-to-Game\Intro-to-Game-Programming\Project6-StudentChoice\Level4.cpp(28,129): warning C4838: conversion from 'int' to 'unsigned int' requires a narrowing conversion
C:\Users\lisay\Documents\Fall2020Class\[CS3113]Intro-to-Game\Intro-to-Game-Programming\Project6-StudentChoice\Level4.cpp(28,133): warning C4838: conversion from 'int' to 'unsigned int' requires a narrowing conversion
C:\Users\lisay\Documents\Fall2020Class\[CS3113]Intro-to-Game\Intro-to-Game-Programming\Project6-StudentChoice\Level4.cpp(28,137): warning C4838: conversion from 'int' to 'unsigned int' requires a narrowing conversion
C:\Users\lisay\Documents\Fall2020Class\[CS3113]Intro-to-Game\Intro-to-Game-Programming\Project6-StudentChoice\Level4.cpp(28,141): warning C4838: conversion from 'int' to 'unsigned int' requires a narrowing conversion
C:\Users\lisay\Documents\Fall2020Class\[CS3113]Intro-to-Game\Intro-to-Game-Programming\Project6-StudentChoice\Level4.cpp(28,145): warning C4838: conversion from 'int' to 'unsigned int' requires a narrowing conversion
C:\Users\lisay\Documents\Fall2020Class\[CS3113]Intro-to-Game\Intro-to-Game-Programming\Project6-StudentChoice\Level4.cpp(28,149): warning C4838: conversion from 'int' to 'unsigned int' requires a narrowing conversion
C:\Users\lisay\Documents\Fall2020Class\[CS3113]Intro-to-Game\Intro-to-Game-Programming\Project6-StudentChoice\Level4.cpp(28,153): warning C4838: conversion from 'int' to 'unsigned int' requires a narrowing conversion
C:\Users\lisay\Documents\Fall2020Class\[CS3113]Intro-to-Game\Intro-to-Game-Programming\Project6-StudentChoice\Level4.cpp(28,157): warning C4838: conversion from 'int' to 'unsigned int' requires a narrowing conversion
C:\Users\lisay\Documents\Fall2020Class\[CS3113]Intro-to-Game\Intro-to-Game-Programming\Project6-StudentChoice\Level4.cpp(28,161): warning C4838: conversion from 'int' to 'unsigned int' requires a narrowing conversion
C:\Users\lisay\Documents\Fall2020Class\[CS3113]Intro-to-Game\Intro-to-Game-Programming\Project6-StudentChoice\Level4.cpp(28,165): warning C4838: conversion from 'int' to 'unsigned int' requires a narrowing conversion
C:\Users\lisay\Documents\Fall2020Class\[CS3113]Intro-to-Game\Intro-to-Game-Programming\Project6-StudentChoice\Level4.cpp(28,169): warning C4838: conversion from 'int' to 'unsigned int' requires a narrowing conversion
C:\Users\lisay\Documents\Fall2020Class\[CS3113]Intro-to-Game\Intro-to-Game-Programming\Project6-StudentChoice\Level4.cpp(28,173): warning C4838: conversion from 'int' to 'unsigned int' requires a narrowing conversion
C:\Users\lisay\Documents\Fall2020Class\[CS3113]Intro-to-Game\Intro-to-Game-Programming\Project6-StudentChoice\Level4.cpp(28,177): warning C4838: conversion from 'int' to 'unsigned int' requires a narrowing conversion
C:\Users\lisay\Documents\Fall2020Class\[CS3113]Intro-to-Game\Intro-to-Game-Programming\Project6-StudentChoice\Level4.cpp(28,181): warning C4838: conversion from 'int' to 'unsigned int' requires a narrowing conversion
C:\Users\lisay\Documents\Fall2020Class\[CS3113]Intro-to-Game\Intro-to-Game-Programming\Project6-StudentChoice\Level4.cpp(28,185): warning C4838: conversion from 'int' to 'unsigned int' requires a narrowing conversion
C:\Users\lisay\Documents\Fall2020Class\[CS3113]Intro-to-Game\Intro-to-Game-Programming\Project6-StudentChoice\Level4.cpp(28,189): warning C4838: conversion from 'int' to 'unsigned int' requires a narrowing conversion
C:\Users\lisay\Documents\Fall2020Class\[CS3113]Intro-to-Game\Intro-to-Game-Programming\Project6-StudentChoice\Level4.cpp(28,193): warning C4838: conversion from 'int' to 'unsigned int' requires a narrowing conversion
C:\Users\lisay\Documents\Fall2020Class\[CS3113]Intro-to-Game\Intro-to-Game-Programming\Project6-StudentChoice\Level4.cpp(28,197): warning C4838: conversion from 'int' to 'unsigned int' requires a narrowing conversion
C:\Users\lisay\Documents\Fall2020Class\[CS3113]Intro-to-Game\Intro-to-Game-Programming\Project6-StudentChoice\Level4.cpp(28,201): warning C4838: conversion from 'int' to 'unsigned int' requires a narrowing conversion
C:\Users\lisay\Documents\Fall2020Class\[CS3113]Intro-to-Game\Intro-to-Game-Programming\Project6-StudentChoice\Level4.cpp(28,205): warning C4838: conversion from 'int' to 'unsigned int' requires a narrowing conversion
C:\Users\lisay\Documents\Fall2020Class\[CS3113]Intro-to-Game\Intro-to-Game-Programming\Project6-StudentChoice\Level4.cpp(28,209): warning C4838: conversion from 'int' to 'unsigned int' requires a narrowing conversion
C:\Users\lisay\Documents\Fall2020Class\[CS3113]Intro-to-Game\Intro-to-Game-Programming\Project6-StudentChoice\Level4.cpp(28,213): warning C4838: conversion from 'int' to 'unsigned int' requires a narrowing conversion
C:\Users\lisay\Documents\Fall2020Class\[CS3113]Intro-to-Game\Intro-to-Game-Programming\Project6-StudentChoice\Level4.cpp(28,217): warning C4838: conversion from 'int' to 'unsigned int' requires a narrowing conversion
C:\Users\lisay\Documents\Fall2020Class\[CS3113]Intro-to-Game\Intro-to-Game-Programming\Project6-StudentChoice\Level4.cpp(28,221): warning C4838: conversion from 'int' to 'unsigned int' requires a narrowing conversion
C:\Users\lisay\Documents\Fall2020Class\[CS3113]Intro-to-Game\Intro-to-Game-Programming\Project6-StudentChoice\Level4.cpp(28,225): warning C4838: conversion from 'int' to 'unsigned int' requires a narrowing conversion
C:\Users\lisay\Documents\Fall2020Class\[CS3113]Intro-to-Game\Intro-to-Game-Programming\Project6-StudentChoice\Level4.cpp(28,229): warning C4838: conversion from 'int' to 'unsigned int' requires a narrowing conversion
C:\Users\lisay\Documents\Fall2020Class\[CS3113]Intro-to-Game\Intro-to-Game-Programming\Project6-StudentChoice\Level4.cpp(28,233): warning C4838: conversion from 'int' to 'unsigned int' requires a narrowing conversion
C:\Users\lisay\Documents\Fall2020Class\[CS3113]Intro-to-Game\Intro-to-Game-Programming\Project6-StudentChoice\Level4.cpp(28,237): warning C4838: conversion from 'int' to 'unsigned int' requires a narrowing conversion
C:\Users\lisay\Documents\Fall2020Class\[CS3113]Intro-to-Game\Intro-to-Game-Programming\Project6-StudentChoice\Level4.cpp(28,241): warning C4838: conversion from 'int' to 'unsigned int' requires a narrowing conversion
C:\Users\lisay\Documents\Fall2020Class\[CS3113]Intro-to-Game\Intro-to-Game-Programming\Project6-StudentChoice\Level4.cpp(28,245): warning C4838: conversion from 'int' to 'unsigned int' requires a narrowing conversion
C:\Users\lisay\Documents\Fall2020Class\[CS3113]Intro-to-Game\Intro-to-Game-Programming\Project6-StudentChoice\Level4.cpp(28,249): warning C4838: conversion from 'int' to 'unsigned int' requires a narrowing conversion
C:\Users\lisay\Documents\Fall2020Class\[CS3113]Intro-to-Game\Intro-to-Game-Programming\Project6-StudentChoice\Level4.cpp(28,253): warning C4838: conversion from 'int' to 'unsigned int' requires a narrowing conversion
C:\Users\lisay\Documents\Fall2020Class\[CS3113]Intro-to-Game\Intro-to-Game-Programming\Project6-StudentChoice\Level4.cpp(28,257): warning C4838: conversion from 'int' to 'unsigned int' requires a narrowing conversion
C:\Users\lisay\Documents\Fall2020Class\[CS3113]Intro-to-Game\Intro-to-Game-Programming\Project6-StudentChoice\Level4.cpp(28,261): warning C4838: conversion from 'int' to 'unsigned int' requires a narrowing conversion
C:\Users\lisay\Documents\Fall2020Class\[CS3113]Intro-to-Game\Intro-to-Game-Programming\Project6-StudentChoice\Level4.cpp(28,265): warning C4838: conversion from 'int' to 'unsigned int' requires a narrowing conversion
C:\Users\lisay\Documents\Fall2020Class\[CS3113]Intro-to-Game\Intro-to-Game-Programming\Project6-StudentChoice\Level4.cpp(28,269): warning C4838: conversion from 'int' to 'unsigned int' requires a narrowing conversion
C:\Users\lisay\Documents\Fall2020Class\[CS3113]Intro-to-Game\Intro-to-Game-Programming\Project6-StudentChoice\Level4.cpp(28,273): warning C4838: conversion from 'int' to 'unsigned int' requires a narrowing conversion
C:\Users\lisay\Documents\Fall2020Class\[CS3113]Intro-to-Game\Intro-to-Game-Programming\Project6-StudentChoice\Level4.cpp(28,277): warning C4838: conversion from 'int' to 'unsigned int' requires a narrowing conversion
C:\Users\lisay\Documents\Fall2020Class\[CS3113]Intro-to-Game\Intro-to-Game-Programming\Project6-StudentChoice\Level4.cpp(29,5): warning C4838: conversion from 'int' to 'unsigned int' requires a narrowing conversion
C:\Users\lisay\Documents\Fall2020Class\[CS3113]Intro-to-Game\Intro-to-Game-Programming\Project6-StudentChoice\Level4.cpp(29,9): warning C4838: conversion from 'int' to 'unsigned int' requires a narrowing conversion
C:\Users\lisay\Documents\Fall2020Class\[CS3113]Intro-to-Game\Intro-to-Game-Programming\Project6-StudentChoice\Level4.cpp(29,13): warning C4838: conversion from 'int' to 'unsigned int' requires a narrowing conversion
C:\Users\lisay\Documents\Fall2020Class\[CS3113]Intro-to-Game\Intro-to-Game-Programming\Project6-StudentChoice\Level4.cpp(29,17): warning C4838: conversion from 'int' to 'unsigned int' requires a narrowing conversion
C:\Users\lisay\Documents\Fall2020Class\[CS3113]Intro-to-Game\Intro-to-Game-Programming\Project6-StudentChoice\Level4.cpp(29,21): warning C4838: conversion from 'int' to 'unsigned int' requires a narrowing conversion
C:\Users\lisay\Documents\Fall2020Class\[CS3113]Intro-to-Game\Intro-to-Game-Programming\Project6-StudentChoice\Level4.cpp(29,25): warning C4838: conversion from 'int' to 'unsigned int' requires a narrowing conversion
C:\Users\lisay\Documents\Fall2020Class\[CS3113]Intro-to-Game\Intro-to-Game-Programming\Project6-StudentChoice\Level4.cpp(29,29): warning C4838: conversion from 'int' to 'unsigned int' requires a narrowing conversion
C:\Users\lisay\Documents\Fall2020Class\[CS3113]Intro-to-Game\Intro-to-Game-Programming\Project6-StudentChoice\Level4.cpp(29,33): warning C4838: conversion from 'int' to 'unsigned int' requires a narrowing conversion
C:\Users\lisay\Documents\Fall2020Class\[CS3113]Intro-to-Game\Intro-to-Game-Programming\Project6-StudentChoice\Level4.cpp(29,37): warning C4838: conversion from 'int' to 'unsigned int' requires a narrowing conversion
C:\Users\lisay\Documents\Fall2020Class\[CS3113]Intro-to-Game\Intro-to-Game-Programming\Project6-StudentChoice\Level4.cpp(29,41): warning C4838: conversion from 'int' to 'unsigned int' requires a narrowing conversion
C:\Users\lisay\Documents\Fall2020Class\[CS3113]Intro-to-Game\Intro-to-Game-Programming\Project6-StudentChoice\Level4.cpp(29,45): warning C4838: conversion from 'int' to 'unsigned int' requires a narrowing conversion
C:\Users\lisay\Documents\Fall2020Class\[CS3113]Intro-to-Game\Intro-to-Game-Programming\Project6-StudentChoice\Level4.cpp(29,49): warning C4838: conversion from 'int' to 'unsigned int' requires a narrowing conversion
C:\Users\lisay\Documents\Fall2020Class\[CS3113]Intro-to-Game\Intro-to-Game-Programming\Project6-StudentChoice\Level4.cpp(29,53): warning C4838: conversion from 'int' to 'unsigned int' requires a narrowing conversion
C:\Users\lisay\Documents\Fall2020Class\[CS3113]Intro-to-Game\Intro-to-Game-Programming\Project6-StudentChoice\Level4.cpp(29,57): warning C4838: conversion from 'int' to 'unsigned int' requires a narrowing conversion
C:\Users\lisay\Documents\Fall2020Class\[CS3113]Intro-to-Game\Intro-to-Game-Programming\Project6-StudentChoice\Level4.cpp(29,61): warning C4838: conversion from 'int' to 'unsigned int' requires a narrowing conversion
C:\Users\lisay\Documents\Fall2020Class\[CS3113]Intro-to-Game\Intro-to-Game-Programming\Project6-StudentChoice\Level4.cpp(29,65): warning C4838: conversion from 'int' to 'unsigned int' requires a narrowing conversion
C:\Users\lisay\Documents\Fall2020Class\[CS3113]Intro-to-Game\Intro-to-Game-Programming\Project6-StudentChoice\Level4.cpp(29,69): warning C4838: conversion from 'int' to 'unsigned int' requires a narrowing conversion
C:\Users\lisay\Documents\Fall2020Class\[CS3113]Intro-to-Game\Intro-to-Game-Programming\Project6-StudentChoice\Level4.cpp(29,73): warning C4838: conversion from 'int' to 'unsigned int' requires a narrowing conversion
C:\Users\lisay\Documents\Fall2020Class\[CS3113]Intro-to-Game\Intro-to-Game-Programming\Project6-StudentChoice\Level4.cpp(29,77): warning C4838: conversion from 'int' to 'unsigned int' requires a narrowing conversion
C:\Users\lisay\Documents\Fall2020Class\[CS3113]Intro-to-Game\Intro-to-Game-Programming\Project6-StudentChoice\Level4.cpp(29,81): warning C4838: conversion from 'int' to 'unsigned int' requires a narrowing conversion
C:\Users\lisay\Documents\Fall2020Class\[CS3113]Intro-to-Game\Intro-to-Game-Programming\Project6-StudentChoice\Level4.cpp(29,85): warning C4838: conversion from 'int' to 'unsigned int' requires a narrowing conversion
C:\Users\lisay\Documents\Fall2020Class\[CS3113]Intro-to-Game\Intro-to-Game-Programming\Project6-StudentChoice\Level4.cpp(29,89): warning C4838: conversion from 'int' to 'unsigned int' requires a narrowing conversion
C:\Users\lisay\Documents\Fall2020Class\[CS3113]Intro-to-Game\Intro-to-Game-Programming\Project6-StudentChoice\Level4.cpp(29,93): warning C4838: conversion from 'int' to 'unsigned int' requires a narrowing conversion
C:\Users\lisay\Documents\Fall2020Class\[CS3113]Intro-to-Game\Intro-to-Game-Programming\Project6-StudentChoice\Level4.cpp(29,97): warning C4838: conversion from 'int' to 'unsigned int' requires a narrowing conversion
C:\Users\lisay\Documents\Fall2020Class\[CS3113]Intro-to-Game\Intro-to-Game-Programming\Project6-StudentChoice\Level4.cpp(29,101): warning C4838: conversion from 'int' to 'unsigned int' requires a narrowing conversion
C:\Users\lisay\Documents\Fall2020Class\[CS3113]Intro-to-Game\Intro-to-Game-Programming\Project6-StudentChoice\Level4.cpp(29,105): warning C4838: conversion from 'int' to 'unsigned int' requires a narrowing conversion
C:\Users\lisay\Documents\Fall2020Class\[CS3113]Intro-to-Game\Intro-to-Game-Programming\Project6-StudentChoice\Level4.cpp(29,109): warning C4838: conversion from 'int' to 'unsigned int' requires a narrowing conversion
C:\Users\lisay\Documents\Fall2020Class\[CS3113]Intro-to-Game\Intro-to-Game-Programming\Project6-StudentChoice\Level4.cpp(29,113): warning C4838: conversion from 'int' to 'unsigned int' requires a narrowing conversion
C:\Users\lisay\Documents\Fall2020Class\[CS3113]Intro-to-Game\Intro-to-Game-Programming\Project6-StudentChoice\Level4.cpp(29,117): warning C4838: conversion from 'int' to 'unsigned int' requires a narrowing conversion
C:\Users\lisay\Documents\Fall2020Class\[CS3113]Intro-to-Game\Intro-to-Game-Programming\Project6-StudentChoice\Level4.cpp(29,121): warning C4838: conversion from 'int' to 'unsigned int' requires a narrowing conversion
C:\Users\lisay\Documents\Fall2020Class\[CS3113]Intro-to-Game\Intro-to-Game-Programming\Project6-StudentChoice\Level4.cpp(29,125): warning C4838: conversion from 'int' to 'unsigned int' requires a narrowing conversion
C:\Users\lisay\Documents\Fall2020Class\[CS3113]Intro-to-Game\Intro-to-Game-Programming\Project6-StudentChoice\Level4.cpp(29,129): warning C4838: conversion from 'int' to 'unsigned int' requires a narrowing conversion
C:\Users\lisay\Documents\Fall2020Class\[CS3113]Intro-to-Game\Intro-to-Game-Programming\Project6-StudentChoice\Level4.cpp(29,133): warning C4838: conversion from 'int' to 'unsigned int' requires a narrowing conversion
C:\Users\lisay\Documents\Fall2020Class\[CS3113]Intro-to-Game\Intro-to-Game-Programming\Project6-StudentChoice\Level4.cpp(29,137): warning C4838: conversion from 'int' to 'unsigned int' requires a narrowing conversion
C:\Users\lisay\Documents\Fall2020Class\[CS3113]Intro-to-Game\Intro-to-Game-Programming\Project6-StudentChoice\Level4.cpp(29,141): warning C4838: conversion from 'int' to 'unsigned int' requires a narrowing conversion
C:\Users\lisay\Documents\Fall2020Class\[CS3113]Intro-to-Game\Intro-to-Game-Programming\Project6-StudentChoice\Level4.cpp(29,145): warning C4838: conversion from 'int' to 'unsigned int' requires a narrowing conversion
C:\Users\lisay\Documents\Fall2020Class\[CS3113]Intro-to-Game\Intro-to-Game-Programming\Project6-StudentChoice\Level4.cpp(29,149): warning C4838: conversion from 'int' to 'unsigned int' requires a narrowing conversion
C:\Users\lisay\Documents\Fall2020Class\[CS3113]Intro-to-Game\Intro-to-Game-Programming\Project6-StudentChoice\Level4.cpp(29,153): warning C4838: conversion from 'int' to 'unsigned int' requires a narrowing conversion
C:\Users\lisay\Documents\Fall2020Class\[CS3113]Intro-to-Game\Intro-to-Game-Programming\Project6-StudentChoice\Level4.cpp(29,157): warning C4838: conversion from 'int' to 'unsigned int' requires a narrowing conversion
C:\Users\lisay\Documents\Fall2020Class\[CS3113]Intro-to-Game\Intro-to-Game-Programming\Project6-StudentChoice\Level4.cpp(29,161): warning C4838: conversion from 'int' to 'unsigned int' requires a narrowing conversion
C:\Users\lisay\Documents\Fall2020Class\[CS3113]Intro-to-Game\Intro-to-Game-Programming\Project6-StudentChoice\Level4.cpp(29,165): warning C4838: conversion from 'int' to 'unsigned int' requires a narrowing conversion
C:\Users\lisay\Documents\Fall2020Class\[CS3113]Intro-to-Game\Intro-to-Game-Programming\Project6-StudentChoice\Level4.cpp(29,169): warning C4838: conversion from 'int' to 'unsigned int' requires a narrowing conversion
C:\Users\lisay\Documents\Fall2020Class\[CS3113]Intro-to-Game\Intro-to-Game-Programming\Project6-StudentChoice\Level4.cpp(29,173): warning C4838: conversion from 'int' to 'unsigned int' requires a narrowing conversion
C:\Users\lisay\Documents\Fall2020Class\[CS3113]Intro-to-Game\Intro-to-Game-Programming\Project6-StudentChoice\Level4.cpp(29,177): warning C4838: conversion from 'int' to 'unsigned int' requires a narrowing conversion
C:\Users\lisay\Documents\Fall2020Class\[CS3113]Intro-to-Game\Intro-to-Game-Programming\Project6-StudentChoice\Level4.cpp(29,181): warning C4838: conversion from 'int' to 'unsigned int' requires a narrowing conversion
C:\Users\lisay\Documents\Fall2020Class\[CS3113]Intro-to-Game\Intro-to-Game-Programming\Project6-StudentChoice\Level4.cpp(29,185): warning C4838: conversion from 'int' to 'unsigned int' requires a narrowing conversion
C:\Users\lisay\Documents\Fall2020Class\[CS3113]Intro-to-Game\Intro-to-Game-Programming\Project6-StudentChoice\Level4.cpp(29,189): warning C4838: conversion from 'int' to 'unsigned int' requires a narrowing conversion
C:\Users\lisay\Documents\Fall2020Class\[CS3113]Intro-to-Game\Intro-to-Game-Programming\Project6-StudentChoice\Level4.cpp(29,193): warning C4838: conversion from 'int' to 'unsigned int' requires a narrowing conversion
C:\Users\lisay\Documents\Fall2020Class\[CS3113]Intro-to-Game\Intro-to-Game-Programming\Project6-StudentChoice\Level4.cpp(29,197): warning C4838: conversion from 'int' to 'unsigned int' requires a narrowing conversion
C:\Users\lisay\Documents\Fall2020Class\[CS3113]Intro-to-Game\Intro-to-Game-Programming\Project6-StudentChoice\Level4.cpp(29,201): warning C4838: conversion from 'int' to 'unsigned int' requires a narrowing conversion
C:\Users\lisay\Documents\Fall2020Class\[CS3113]Intro-to-Game\Intro-to-Game-Programming\Project6-StudentChoice\Level4.cpp(29,205): warning C4838: conversion from 'int' to 'unsigned int' requires a narrowing conversion
C:\Users\lisay\Documents\Fall2020Class\[CS3113]Intro-to-Game\Intro-to-Game-Programming\Project6-StudentChoice\Level4.cpp(29,209): warning C4838: conversion from 'int' to 'unsigned int' requires a narrowing conversion
C:\Users\lisay\Documents\Fall2020Class\[CS3113]Intro-to-Game\Intro-to-Game-Programming\Project6-StudentChoice\Level4.cpp(29,213): warning C4838: conversion from 'int' to 'unsigned int' requires a narrowing conversion
C:\Users\lisay\Documents\Fall2020Class\[CS3113]Intro-to-Game\Intro-to-Game-Programming\Project6-StudentChoice\Level4.cpp(29,217): warning C4838: conversion from 'int' to 'unsigned int' requires a narrowing conversion
C:\Users\lisay\Documents\Fall2020Class\[CS3113]Intro-to-Game\Intro-to-Game-Programming\Project6-StudentChoice\Level4.cpp(29,221): warning C4838: conversion from 'int' to 'unsigned int' requires a narrowing conversion
C:\Users\lisay\Documents\Fall2020Class\[CS3113]Intro-to-Game\Intro-to-Game-Programming\Project6-StudentChoice\Level4.cpp(29,225): warning C4838: conversion from 'int' to 'unsigned int' requires a narrowing conversion
C:\Users\lisay\Documents\Fall2020Class\[CS3113]Intro-to-Game\Intro-to-Game-Programming\Project6-StudentChoice\Level4.cpp(29,229): warning C4838: conversion from 'int' to 'unsigned int' requires a narrowing conversion
C:\Users\lisay\Documents\Fall2020Class\[CS3113]Intro-to-Game\Intro-to-Game-Programming\Project6-StudentChoice\Level4.cpp(29,233): warning C4838: conversion from 'int' to 'unsigned int' requires a narrowing conversion
C:\Users\lisay\Documents\Fall2020Class\[CS3113]Intro-to-Game\Intro-to-Game-Programming\Project6-StudentChoice\Level4.cpp(29,237): warning C4838: conversion from 'int' to 'unsigned int' requires a narrowing conversion
C:\Users\lisay\Documents\Fall2020Class\[CS3113]Intro-to-Game\Intro-to-Game-Programming\Project6-StudentChoice\Level4.cpp(29,241): warning C4838: conversion from 'int' to 'unsigned int' requires a narrowing conversion
C:\Users\lisay\Documents\Fall2020Class\[CS3113]Intro-to-Game\Intro-to-Game-Programming\Project6-StudentChoice\Level4.cpp(29,245): warning C4838: conversion from 'int' to 'unsigned int' requires a narrowing conversion
C:\Users\lisay\Documents\Fall2020Class\[CS3113]Intro-to-Game\Intro-to-Game-Programming\Project6-StudentChoice\Level4.cpp(29,249): warning C4838: conversion from 'int' to 'unsigned int' requires a narrowing conversion
C:\Users\lisay\Documents\Fall2020Class\[CS3113]Intro-to-Game\Intro-to-Game-Programming\Project6-StudentChoice\Level4.cpp(29,253): warning C4838: conversion from 'int' to 'unsigned int' requires a narrowing conversion
C:\Users\lisay\Documents\Fall2020Class\[CS3113]Intro-to-Game\Intro-to-Game-Programming\Project6-StudentChoice\Level4.cpp(29,257): warning C4838: conversion from 'int' to 'unsigned int' requires a narrowing conversion
C:\Users\lisay\Documents\Fall2020Class\[CS3113]Intro-to-Game\Intro-to-Game-Programming\Project6-StudentChoice\Level4.cpp(29,261): warning C4838: conversion from 'int' to 'unsigned int' requires a narrowing conversion
C:\Users\lisay\Documents\Fall2020Class\[CS3113]Intro-to-Game\Intro-to-Game-Programming\Project6-StudentChoice\Level4.cpp(29,265): warning C4838: conversion from 'int' to 'unsigned int' requires a narrowing conversion
C:\Users\lisay\Documents\Fall2020Class\[CS3113]Intro-to-Game\Intro-to-Game-Programming\Project6-StudentChoice\Level4.cpp(29,269): warning C4838: conversion from 'int' to 'unsigned int' requires a narrowing conversion
C:\Users\lisay\Documents\Fall2020Class\[CS3113]Intro-to-Game\Intro-to-Game-Programming\Project6-StudentChoice\Level4.cpp(29,273): warning C4838: conversion from 'int' to 'unsigned int' requires a narrowing conversion
C:\Users\lisay\Documents\Fall2020Class\[CS3113]Intro-to-Game\Intro-to-Game-Programming\Project6-StudentChoice\Level4.cpp(29,277): warning C4838: conversion from 'int' to 'unsigned int' requires a narrowing conversion
C:\Users\lisay\Documents\Fall2020Class\[CS3113]Intro-to-Game\Intro-to-Game-Programming\Project6-StudentChoice\Level4.cpp(168,125): warning C4305: 'argument': truncation from 'double' to 'float'
C:\Users\lisay\Documents\Fall2020Class\[CS3113]Intro-to-Game\Intro-to-Game-Programming\Project6-StudentChoice\Level4.cpp(172,154): warning C4305: 'argument': truncation from 'double' to 'float'
C:\Users\lisay\Documents\Fall2020Class\[CS3113]Intro-to-Game\Intro-to-Game-Programming\Project6-StudentChoice\Level4.cpp(176,123): warning C4305: 'argument': truncation from 'double' to 'float'
  Generating Code...
  SDLProject.vcxproj -> C:\Users\lisay\Documents\Fall2020Class\[CS3113]Intro-to-Game\Intro-to-Game-Programming\Project6-StudentChoice\Debug\Project6-StudentChoice.exe
